2020-06-10 10:26:34.349   MAIN   INF   Starting Rostra Special Web Service on darwin-launchd
2020-06-10 10:26:34.350   MAIN   INF   Server running
2020-06-10 10:26:35.278   MAIN   INF   Stopped on platform darwin-launchd
2020-06-10 11:23:23.347   MAIN   INF   Starting Rostra Special Web Service on darwin-launchd
2020-06-10 11:23:23.348   MAIN   INF   Server running
2020-06-10 11:23:27.168   MAIN   INF   Displaying main screen
2020-06-10 11:24:32.765   MAIN   INF   Displaying main screen
2020-06-10 11:24:51.196   MAIN   INF   Stopped on platform darwin-launchd
2020-06-10 11:24:53.308   MAIN   INF   Starting Rostra Special Web Service on darwin-launchd
2020-06-10 11:24:53.309   MAIN   INF   Server running
2020-06-10 11:24:55.085   MAIN   INF   Displaying main screen
2020-06-10 11:25:13.709   MAIN   INF   Displaying main screen
2020-06-10 11:25:22.904   MAIN   INF   Displaying main screen
2020-06-10 11:25:36.415   MAIN   INF   Displaying main screen
2020-06-10 11:25:47.225   MAIN   INF   Stopped on platform darwin-launchd
2020-06-10 11:25:49.156   MAIN   INF   Starting Rostra Special Web Service on darwin-launchd
2020-06-10 11:25:49.157   MAIN   INF   Server running
2020-06-10 11:25:52.954   MAIN   INF   Displaying main screen
2020-06-10 11:26:10.450   MAIN   INF   Stopped on platform darwin-launchd
2020-06-10 11:26:12.618   MAIN   INF   Starting Rostra Special Web Service on darwin-launchd
2020-06-10 11:26:12.619   MAIN   INF   Server running
2020-06-10 11:26:14.661   MAIN   INF   Displaying main screen
2020-06-10 11:27:37.690   MAIN   INF   Stopped on platform darwin-launchd
2020-06-10 11:27:39.927   MAIN   INF   Starting Rostra Special Web Service on darwin-launchd
2020-06-10 11:27:39.927   MAIN   INF   Server running
2020-06-10 11:27:41.591   MAIN   INF   Displaying main screen
2020-06-10 11:27:42.576   MAIN   INF   Displaying main screen
2020-06-10 11:28:19.637   MAIN   INF   Stopped on platform darwin-launchd
2020-06-10 11:28:21.362   MAIN   INF   Starting Rostra Special Web Service on darwin-launchd
2020-06-10 11:28:21.365   MAIN   INF   Server running
2020-06-10 11:28:24.187   MAIN   INF   Displaying main screen
2020-06-10 11:28:39.908   MAIN   INF   Displaying main screen
2020-06-10 11:29:03.611   MAIN   INF   Stopped on platform darwin-launchd
2020-06-10 11:29:05.482   MAIN   INF   Starting Rostra Special Web Service on darwin-launchd
2020-06-10 11:29:05.483   MAIN   INF   Server running
2020-06-10 11:29:07.394   MAIN   INF   Displaying main screen
2020-06-10 11:30:16.616   MAIN   INF   Displaying main screen
2020-06-10 11:30:32.073   MAIN   INF   Stopped on platform darwin-launchd
2020-06-10 11:30:34.329   MAIN   INF   Starting Rostra Special Web Service on darwin-launchd
2020-06-10 11:30:34.330   MAIN   INF   Server running
2020-06-10 11:30:41.460   MAIN   INF   Displaying main screen
2020-06-10 11:30:42.839   MAIN   INF   Displaying main screen
2020-06-10 11:31:41.153   MAIN   INF   Stopped on platform darwin-launchd
2020-06-10 11:31:43.290   MAIN   INF   Starting Rostra Special Web Service on darwin-launchd
2020-06-10 11:31:43.290   MAIN   INF   Server running
2020-06-10 11:31:44.920   MAIN   INF   Displaying main screen
2020-06-10 11:31:46.191   MAIN   INF   Displaying main screen
2020-06-10 11:31:49.937   MAIN   INF   Displaying main screen
2020-06-10 11:32:19.089   MAIN   INF   Stopped on platform darwin-launchd
2020-06-10 11:32:20.599   MAIN   INF   Starting Rostra Special Web Service on darwin-launchd
2020-06-10 11:32:20.600   MAIN   INF   Server running
2020-06-10 11:32:22.798   MAIN   INF   Displaying main screen
2020-06-10 11:33:15.535   MAIN   INF   Displaying main screen
2020-06-10 11:33:27.362   MAIN   INF   Displaying main screen
2020-06-10 11:34:15.173   MAIN   INF   Stopped on platform darwin-launchd
2020-06-10 11:34:17.543   MAIN   INF   Starting Rostra Special Web Service on darwin-launchd
2020-06-10 11:34:17.543   MAIN   INF   Server running
2020-06-10 11:34:20.396   MAIN   INF   Displaying main screen
2020-06-10 11:34:39.050   MAIN   INF   Stopped on platform darwin-launchd
2020-06-10 11:34:40.731   MAIN   INF   Starting Rostra Special Web Service on darwin-launchd
2020-06-10 11:34:40.731   MAIN   INF   Server running
2020-06-10 11:34:43.049   MAIN   INF   Displaying main screen
2020-06-10 11:35:01.067   MAIN   INF   Displaying main screen
2020-06-10 11:35:02.391   MAIN   INF   Displaying main screen
2020-06-10 11:35:09.684   MAIN   INF   Displaying main screen
2020-06-10 11:35:10.738   MAIN   INF   Displaying main screen
2020-06-10 11:35:25.922   MAIN   INF   Displaying main screen
2020-06-10 11:35:42.863   MAIN   INF   Displaying main screen
2020-06-10 11:35:43.804   MAIN   INF   Displaying main screen
2020-06-10 11:35:46.857   MAIN   INF   Displaying main screen
2020-06-10 12:03:01.148   MAIN   INF   Stopped on platform darwin-launchd
2020-06-10 13:33:15.339   MAIN   INF   Starting Rostra Special Web Service on darwin-launchd
2020-06-10 13:33:15.340   MAIN   INF   Server running
2020-06-10 13:33:16.528   MAIN   INF   Stopped on platform darwin-launchd
2020-06-10 13:42:18.637   MAIN   INF   Starting Rostra Special Web Service on darwin-launchd
2020-06-10 13:42:18.638   MAIN   INF   Server running
2020-06-10 13:42:22.910   MAIN   INF   Displaying main screen
2020-06-10 13:42:24.424   MAIN   INF   Checking data input
2020-06-10 13:42:24.424   MAIN   INF   [USER:123] [ORDER:] [OPERATION:] [WORKPLACE:]
2020-06-10 13:42:24.425   MAIN   INF   [OK:NOK:TYPE]  [::]
2020-06-10 13:42:24.425   MAIN   INF   [RADIO:0]
2020-06-10 13:42:24.425   MAIN   INF   [START:TRANSFER:END] [0:0:0]
2020-06-10 13:42:24.425   MAIN   INF   Check user step
2020-06-10 13:42:24.425   MAIN   INF   Checking user
2020-06-10 13:42:24.654   MAIN   ERR   Error opening db: Unable to open tcp connection with host '192.168.1.26:1433': dial tcp 192.168.1.26:1433: connect: no route to host
2020-06-10 13:42:24.655   MAIN   INF   Sending error page for user check
2020-06-10 13:42:28.918   MAIN   INF   Stopped on platform darwin-launchd
2020-06-10 13:42:40.307   MAIN   INF   Starting Rostra Special Web Service on darwin-launchd
2020-06-10 13:42:40.308   MAIN   INF   Server running
2020-06-10 13:42:41.553   MAIN   INF   Displaying main screen
2020-06-10 13:42:43.768   MAIN   INF   Checking data input
2020-06-10 13:42:43.768   MAIN   INF   [USER:23] [ORDER:] [OPERATION:] [WORKPLACE:]
2020-06-10 13:42:43.769   MAIN   INF   [OK:NOK:TYPE]  [::]
2020-06-10 13:42:43.769   MAIN   INF   [RADIO:0]
2020-06-10 13:42:43.769   MAIN   INF   [START:TRANSFER:END] [0:0:0]
2020-06-10 13:42:43.769   MAIN   INF   Check user step
2020-06-10 13:42:43.769   MAIN   INF   Checking user
2020-06-10 13:42:43.932   MAIN   ERR   Error opening db: Unable to open tcp connection with host '192.168.1.26:1433': dial tcp 192.168.1.26:1433: connect: no route to host
2020-06-10 13:42:43.933   MAIN   INF   Sending error page for user check
2020-06-10 13:42:48.236   MAIN   INF   Stopped on platform darwin-launchd
2020-06-10 13:42:50.373   MAIN   INF   Starting Rostra Special Web Service on darwin-launchd
2020-06-10 13:42:50.373   MAIN   INF   Server running
2020-06-10 13:42:51.521   MAIN   INF   Stopped on platform darwin-launchd
