2020-09-10 19:34:06.748   MAIN   INF   Starting Rostra Special Web Service on darwin-launchd
2020-09-10 19:34:06.749   MAIN   INF   Server running
2020-09-10 19:34:06.749   MAIN   INF   Deleting old log files
2020-09-10 19:34:06.749   MAIN   INF   Deleting old log files
2020-09-10 19:34:06.749   MAIN   INF   Deleting old log file MAIN 2020-07-17.log with age of 1326h4m22.648294914s
2020-09-10 19:34:06.750   MAIN   INF   Deleting old log file MAIN 2020-07-18.log with age of 1303h58m50.372429344s
2020-09-10 19:34:06.750   MAIN   INF   Deleting old log file MAIN 2020-07-20.err with age of 1259h22m22.916360776s
2020-09-10 19:34:06.751   MAIN   INF   Deleting old log file MAIN 2020-07-20.log with age of 1259h22m18.324864324s
2020-09-10 19:34:06.751   MAIN   INF   Old log files deleted, elapsed: 1.841235ms
2020-09-10 19:34:08.893   MAIN   INF   Displaying main screen
2020-09-10 19:34:12.829   MAIN   INF   Checking data input
2020-09-10 19:34:12.829   MAIN   INF   [USER:ddf] [ORDER:] [OPERATION:] [WORKPLACE:]
2020-09-10 19:34:12.829   MAIN   INF   [OK:NOK:TYPE]  [::]
2020-09-10 19:34:12.829   MAIN   INF   [RADIO:0]
2020-09-10 19:34:12.830   MAIN   INF   [START:TRANSFER:END] [0:0:0]
2020-09-10 19:34:12.830   MAIN   INF   Check user step
2020-09-10 19:34:12.830   MAIN   INF   Checking user
2020-09-10 19:34:12.957   MAIN   ERR   Error opening db: Unable to open tcp connection with host '192.168.1.26:1433': dial tcp 192.168.1.26:1433: connect: no route to host
2020-09-10 19:34:12.958   MAIN   INF   Sending error page for user check
2020-09-10 19:34:47.093   MAIN   INF   Displaying main screen
2020-09-10 19:35:01.663   MAIN   INF   Checking data input
2020-09-10 19:35:01.663   MAIN   INF   [USER:234] [ORDER:] [OPERATION:] [WORKPLACE:]
2020-09-10 19:35:01.663   MAIN   INF   [OK:NOK:TYPE]  [::]
2020-09-10 19:35:01.663   MAIN   INF   [RADIO:0]
2020-09-10 19:35:01.663   MAIN   INF   [START:TRANSFER:END] [0:0:0]
2020-09-10 19:35:01.663   MAIN   INF   Check user step
2020-09-10 19:35:01.663   MAIN   INF   Checking user
2020-09-10 19:35:01.790   MAIN   ERR   Error opening db: Unable to open tcp connection with host '192.168.1.26:1433': dial tcp 192.168.1.26:1433: connect: no route to host
2020-09-10 19:35:01.790   MAIN   INF   Sending error page for user check
2020-09-10 19:35:03.505   MAIN   INF   Checking data input
2020-09-10 19:35:03.505   MAIN   INF   [USER:111] [ORDER:] [OPERATION:] [WORKPLACE:]
2020-09-10 19:35:03.505   MAIN   INF   [OK:NOK:TYPE]  [::]
2020-09-10 19:35:03.505   MAIN   INF   [RADIO:0]
2020-09-10 19:35:03.506   MAIN   INF   [START:TRANSFER:END] [0:0:0]
2020-09-10 19:35:03.506   MAIN   INF   Check user step
2020-09-10 19:35:03.506   MAIN   INF   Checking user
2020-09-10 19:35:03.632   MAIN   ERR   Error opening db: Unable to open tcp connection with host '192.168.1.26:1433': dial tcp 192.168.1.26:1433: connect: no route to host
2020-09-10 19:35:03.632   MAIN   INF   Sending error page for user check
2020-09-10 19:35:05.179   MAIN   INF   Checking data input
2020-09-10 19:35:05.179   MAIN   INF   [USER:222] [ORDER:] [OPERATION:] [WORKPLACE:]
2020-09-10 19:35:05.180   MAIN   INF   [OK:NOK:TYPE]  [::]
2020-09-10 19:35:05.180   MAIN   INF   [RADIO:0]
2020-09-10 19:35:05.180   MAIN   INF   [START:TRANSFER:END] [0:0:0]
2020-09-10 19:35:05.180   MAIN   INF   Check user step
2020-09-10 19:35:05.180   MAIN   INF   Checking user
2020-09-10 19:35:05.305   MAIN   ERR   Error opening db: Unable to open tcp connection with host '192.168.1.26:1433': dial tcp 192.168.1.26:1433: connect: no route to host
2020-09-10 19:35:05.305   MAIN   INF   Sending error page for user check
2020-09-10 19:35:10.234   MAIN   INF   Checking data input
2020-09-10 19:35:10.234   MAIN   INF   [USER:sds] [ORDER:] [OPERATION:] [WORKPLACE:]
2020-09-10 19:35:10.235   MAIN   INF   [OK:NOK:TYPE]  [::]
2020-09-10 19:35:10.235   MAIN   INF   [RADIO:0]
2020-09-10 19:35:10.235   MAIN   INF   [START:TRANSFER:END] [0:0:0]
2020-09-10 19:35:10.235   MAIN   INF   Check user step
2020-09-10 19:35:10.235   MAIN   INF   Checking user
2020-09-10 19:35:10.360   MAIN   ERR   Error opening db: Unable to open tcp connection with host '192.168.1.26:1433': dial tcp 192.168.1.26:1433: connect: no route to host
2020-09-10 19:35:10.360   MAIN   INF   Sending error page for user check
2020-09-10 19:36:47.150   MAIN   INF   Checking data input
2020-09-10 19:36:47.150   MAIN   INF   [USER:sds] [ORDER:] [OPERATION:] [WORKPLACE:]
2020-09-10 19:36:47.150   MAIN   INF   [OK:NOK:TYPE]  [::]
2020-09-10 19:36:47.150   MAIN   INF   [RADIO:0]
2020-09-10 19:36:47.150   MAIN   INF   [START:TRANSFER:END] [0:0:0]
2020-09-10 19:36:47.151   MAIN   INF   Check user step
2020-09-10 19:36:47.151   MAIN   INF   Checking user
2020-09-10 19:36:47.272   MAIN   ERR   Error opening db: Unable to open tcp connection with host '192.168.1.26:1433': dial tcp 192.168.1.26:1433: connect: no route to host
2020-09-10 19:36:47.273   MAIN   INF   Sending error page for user check
2020-09-10 19:39:06.126   MAIN   INF   Checking data input
2020-09-10 19:39:06.126   MAIN   INF   [USER:sds] [ORDER:] [OPERATION:] [WORKPLACE:]
2020-09-10 19:39:06.127   MAIN   INF   [OK:NOK:TYPE]  [::]
2020-09-10 19:39:06.127   MAIN   INF   [RADIO:0]
2020-09-10 19:39:06.127   MAIN   INF   [START:TRANSFER:END] [0:0:0]
2020-09-10 19:39:06.127   MAIN   INF   Check user step
2020-09-10 19:39:06.127   MAIN   INF   Checking user
2020-09-10 19:39:06.252   MAIN   ERR   Error opening db: Unable to open tcp connection with host '192.168.1.26:1433': dial tcp 192.168.1.26:1433: connect: no route to host
2020-09-10 19:39:06.253   MAIN   INF   Sending error page for user check
2020-09-10 19:39:20.086   MAIN   INF   Checking data input
2020-09-10 19:39:20.086   MAIN   INF   [USER:sds] [ORDER:] [OPERATION:] [WORKPLACE:]
2020-09-10 19:39:20.086   MAIN   INF   [OK:NOK:TYPE]  [::]
2020-09-10 19:39:20.086   MAIN   INF   [RADIO:0]
2020-09-10 19:39:20.086   MAIN   INF   [START:TRANSFER:END] [0:0:0]
2020-09-10 19:39:20.087   MAIN   INF   Check user step
2020-09-10 19:39:20.087   MAIN   INF   Checking user
2020-09-10 19:39:20.215   MAIN   ERR   Error opening db: Unable to open tcp connection with host '192.168.1.26:1433': dial tcp 192.168.1.26:1433: connect: no route to host
2020-09-10 19:39:20.215   MAIN   INF   Sending error page for user check
2020-09-10 19:39:21.447   MAIN   INF   Checking data input
2020-09-10 19:39:21.447   MAIN   INF   [USER:sds] [ORDER:] [OPERATION:] [WORKPLACE:]
2020-09-10 19:39:21.448   MAIN   INF   [OK:NOK:TYPE]  [::]
2020-09-10 19:39:21.448   MAIN   INF   [RADIO:0]
2020-09-10 19:39:21.448   MAIN   INF   [START:TRANSFER:END] [0:0:0]
2020-09-10 19:39:21.448   MAIN   INF   Check user step
2020-09-10 19:39:21.448   MAIN   INF   Checking user
2020-09-10 19:39:22.568   MAIN   ERR   Error opening db: Unable to open tcp connection with host '192.168.1.26:1433': dial tcp 192.168.1.26:1433: connect: no route to host
2020-09-10 19:39:22.569   MAIN   INF   Sending error page for user check
2020-09-10 19:39:36.353   MAIN   INF   Displaying main screen
2020-09-10 19:41:05.558   MAIN   INF   Displaying main screen
2020-09-10 19:41:08.438   MAIN   INF   Displaying main screen
2020-09-10 19:41:26.073   MAIN   INF   Displaying main screen
2020-09-10 19:42:31.179   MAIN   INF   Stopped on platform darwin-launchd
2020-09-10 19:42:32.607   MAIN   INF   Starting Rostra Special Web Service on darwin-launchd
2020-09-10 19:42:32.607   MAIN   INF   Server running
2020-09-10 19:42:32.607   MAIN   INF   Deleting old log files
2020-09-10 19:42:32.607   MAIN   INF   Deleting old log files
2020-09-10 19:42:32.608   MAIN   INF   Old log files deleted, elapsed: 87.392µs
2020-09-10 19:42:34.364   MAIN   INF   Displaying main screen
2020-09-10 19:42:43.789   MAIN   INF   Displaying main screen
2020-09-10 19:43:01.453   MAIN   INF   Displaying main screen
2020-09-10 19:43:26.542   MAIN   INF   Stopped on platform darwin-launchd
2020-09-10 19:43:46.894   MAIN   INF   Starting Rostra Special Web Service on darwin-launchd
2020-09-10 19:43:46.896   MAIN   INF   Server running
2020-09-10 19:43:46.896   MAIN   INF   Deleting old log files
2020-09-10 19:43:46.896   MAIN   INF   Deleting old log files
2020-09-10 19:43:46.897   MAIN   INF   Old log files deleted, elapsed: 385.333µs
2020-09-10 19:43:48.744   MAIN   INF   Displaying main screen
2020-09-10 19:43:50.769   MAIN   INF   Displaying main screen
2020-09-10 19:43:51.657   MAIN   INF   Displaying main screen
2020-09-10 19:43:52.702   MAIN   INF   Displaying main screen
2020-09-10 19:43:53.612   MAIN   INF   Displaying main screen
2020-09-10 19:43:54.700   MAIN   INF   Displaying main screen
2020-09-10 19:43:58.453   MAIN   INF   Displaying main screen
2020-09-10 19:44:01.396   MAIN   INF   Displaying main screen
2020-09-10 19:44:04.675   MAIN   INF   Displaying main screen
2020-09-10 19:44:29.511   MAIN   INF   Displaying main screen
2020-09-10 19:44:30.981   MAIN   INF   Displaying main screen
2020-09-10 19:44:32.315   MAIN   INF   Displaying main screen
2020-09-10 19:44:33.267   MAIN   INF   Displaying main screen
2020-09-10 19:44:34.190   MAIN   INF   Displaying main screen
2020-09-10 19:44:39.898   MAIN   INF   Displaying main screen
2020-09-10 19:44:41.343   MAIN   INF   Displaying main screen
2020-09-10 19:44:50.875   MAIN   INF   Displaying main screen
2020-09-10 19:44:56.408   MAIN   INF   Displaying main screen
2020-09-10 19:44:58.100   MAIN   INF   Displaying main screen
2020-09-10 19:44:59.300   MAIN   INF   Displaying main screen
2020-09-10 19:45:03.128   MAIN   INF   Displaying main screen
2020-09-10 19:45:20.635   MAIN   INF   Displaying main screen
2020-09-10 19:45:24.341   MAIN   INF   Displaying main screen
2020-09-10 19:45:25.497   MAIN   INF   Displaying main screen
2020-09-10 19:45:26.243   MAIN   INF   Displaying main screen
2020-09-10 19:45:27.123   MAIN   INF   Displaying main screen
2020-09-10 19:45:28.055   MAIN   INF   Displaying main screen
2020-09-10 19:45:33.082   MAIN   INF   Stopped on platform darwin-launchd
2020-09-10 19:46:09.154   MAIN   INF   Starting Rostra Special Web Service on darwin-launchd
2020-09-10 19:46:09.154   MAIN   INF   Server running
2020-09-10 19:46:09.154   MAIN   INF   Deleting old log files
2020-09-10 19:46:09.154   MAIN   INF   Deleting old log files
2020-09-10 19:46:09.155   MAIN   INF   Old log files deleted, elapsed: 97.777µs
2020-09-10 19:46:42.835   MAIN   INF   Displaying main screen
2020-09-10 19:46:44.545   MAIN   INF   Displaying main screen
2020-09-10 19:46:45.970   MAIN   INF   Displaying main screen
2020-09-10 19:46:46.641   MAIN   INF   Displaying main screen
2020-09-10 19:47:46.211   MAIN   INF   Stopped on platform darwin-launchd
