2020-07-17 13:29:32.402   MAIN   INF   Starting Rostra Special Web Service on darwin-launchd
2020-07-17 13:29:32.403   MAIN   INF   Server running
2020-07-17 13:29:32.403   MAIN   INF   Deleting old log files
2020-07-17 13:29:32.403   MAIN   INF   Deleting old log files
2020-07-17 13:29:32.403   MAIN   INF   Deleting old log file MAIN 2019-11-27.err with age of 5590h2m9.248749s
2020-07-17 13:29:32.404   MAIN   INF   Deleting old log file MAIN 2019-11-27.log with age of 5581h21m2.368749s
2020-07-17 13:29:32.404   MAIN   INF   Deleting old log file MAIN 2019-11-29.log with age of 5539h5m48.063749s
2020-07-17 13:29:32.404   MAIN   INF   Deleting old log file MAIN 2019-12-02.log with age of 5470h19m15.160749s
2020-07-17 13:29:32.405   MAIN   INF   Deleting old log file MAIN 2019-12-12.log with age of 5224h14m18.108749s
2020-07-17 13:29:32.405   MAIN   INF   Deleting old log file MAIN 2020-01-07.err with age of 4611h16m0.721749s
2020-07-17 13:29:32.405   MAIN   INF   Deleting old log file MAIN 2020-01-07.log with age of 4611h16m0.721749s
2020-07-17 13:29:32.405   MAIN   INF   Deleting old log file MAIN 2020-01-13.err with age of 4468h14m43.017749s
2020-07-17 13:29:32.405   MAIN   INF   Deleting old log file MAIN 2020-01-13.log with age of 4468h14m43.017749s
2020-07-17 13:29:32.405   MAIN   INF   Deleting old log file MAIN 2020-01-23.err with age of 4220h51m26.872749s
2020-07-17 13:29:32.406   MAIN   INF   Deleting old log file MAIN 2020-01-23.log with age of 4220h17m4.685749s
2020-07-17 13:29:32.406   MAIN   INF   Deleting old log file MAIN 2020-02-01.log with age of 4013h17m25.566749s
2020-07-17 13:29:32.406   MAIN   INF   Deleting old log file MAIN 2020-02-06.err with age of 3888h44m44.798272821s
2020-07-17 13:29:32.408   MAIN   INF   Deleting old log file MAIN 2020-02-06.log with age of 3885h7m2.339312661s
2020-07-17 13:29:32.409   MAIN   INF   Deleting old log file MAIN 2020-02-11.log with age of 3766h39m0.827261077s
2020-07-17 13:29:32.411   MAIN   INF   Deleting old log file MAIN 2020-04-14.err with age of 2255h31m2.040429222s
2020-07-17 13:29:32.412   MAIN   INF   Deleting old log file MAIN 2020-04-14.log with age of 2255h31m2.039622309s
2020-07-17 13:29:32.413   MAIN   INF   Deleting old log file MAIN 2020-04-15.err with age of 2234h55m44.717603939s
2020-07-17 13:29:32.414   MAIN   INF   Deleting old log file MAIN 2020-04-15.log with age of 2234h55m44.718296292s
2020-07-17 13:29:32.414   MAIN   INF   Deleting old log file MAIN 2020-04-20.err with age of 2105h55m43.633650776s
2020-07-17 13:29:32.415   MAIN   INF   Deleting old log file MAIN 2020-04-20.log with age of 2105h55m43.633497379s
2020-07-17 13:29:32.416   MAIN   INF   Deleting old log file MAIN 2020-04-21.err with age of 2080h11m59.525801332s
2020-07-17 13:29:32.416   MAIN   INF   Deleting old log file MAIN 2020-04-21.log with age of 2080h11m29.951168127s
2020-07-17 13:29:32.417   MAIN   INF   Deleting old log file MAIN 2020-04-22.log with age of 2062h29m28.974948562s
2020-07-17 13:29:32.417   MAIN   INF   Deleting old log file MAIN 2020-04-23.log with age of 2043h31m54.502737142s
2020-07-17 13:29:32.418   MAIN   INF   Deleting old log file MAIN 2020-05-04.log with age of 1778h22m26.778967801s
2020-07-17 13:29:32.419   MAIN   INF   Deleting old log file MAIN 2020-05-05.log with age of 1755h7m18.937700779s
2020-07-17 13:29:32.419   MAIN   INF   Deleting old log file MAIN 2020-05-11.err with age of 1609h56m58.384290916s
2020-07-17 13:29:32.420   MAIN   INF   Deleting old log file MAIN 2020-05-11.log with age of 1609h45m42.750190969s
2020-07-17 13:29:32.421   MAIN   INF   Deleting old log file MAIN 2020-05-12.log with age of 1586h49m17.9249081s
2020-07-17 13:29:32.422   MAIN   INF   Deleting old log file MAIN 2020-06-08.err with age of 939h7m56.950479092s
2020-07-17 13:29:32.423   MAIN   INF   Deleting old log file MAIN 2020-06-08.log with age of 939h3m1.559513279s
2020-07-17 13:29:32.424   MAIN   INF   Deleting old log file MAIN 2020-06-09.err with age of 912h0m35.002585195s
2020-07-17 13:29:32.425   MAIN   INF   Deleting old log file MAIN 2020-06-09.log with age of 911h6m29.109906442s
2020-07-17 13:29:32.425   MAIN   INF   Deleting old log file MAIN 2020-06-10.err with age of 887h46m48.470338899s
2020-07-17 13:29:32.426   MAIN   INF   Deleting old log file MAIN 2020-06-10.log with age of 887h46m40.882533528s
2020-07-17 13:29:32.426   MAIN   INF   Deleting old log file MAIN 2020-06-22.log with age of 598h19m38.611683214s
2020-07-17 13:29:32.427   MAIN   INF   Deleting old log file MAIN 2020-06-23.err with age of 578h9m34.071048592s
2020-07-17 13:29:32.427   MAIN   INF   Deleting old log file MAIN 2020-06-23.log with age of 578h9m18.022583815s
2020-07-17 13:29:32.428   MAIN   INF   Deleting old log file MAIN 2020-06-25.log with age of 531h11m0.635878098s
2020-07-17 13:29:32.429   MAIN   INF   Old log files deleted, elapsed: 25.727957ms
2020-07-17 13:29:44.101   MAIN   INF   Stopped on platform darwin-launchd
