2020-04-15 10:20:44.516   MAIN   INF   Server running
2020-04-15 10:20:47.968   MAIN   INF   Displaying main screen
2020-04-15 10:20:56.714   MAIN   INF   Checking data input
2020-04-15 10:20:56.715   MAIN   INF   user: 123
2020-04-15 10:20:56.715   MAIN   INF   order: 
2020-04-15 10:20:56.715   MAIN   INF   operation: 
2020-04-15 10:20:56.715   MAIN   INF   workplace: 
2020-04-15 10:20:56.715   MAIN   INF   Checking user
2020-04-15 10:21:11.719   MAIN   ERR   Error opening db: Unable to open tcp connection with host '192.168.1.26:1433': dial tcp 192.168.1.26:1433: i/o timeout
2020-04-15 10:21:11.720   MAIN   INF   User not found for 123
2020-04-15 10:21:24.715   MAIN   INF   Displaying main screen
2020-04-15 10:29:37.945   MAIN   INF   Server running
2020-04-15 10:29:51.851   MAIN   INF   Displaying main screen
2020-04-15 10:30:00.571   MAIN   INF   Displaying main screen
2020-04-15 10:30:04.566   MAIN   INF   Displaying main screen
2020-04-15 10:30:27.282   MAIN   INF   Displaying main screen
2020-04-15 10:30:29.239   MAIN   INF   Checking data input
2020-04-15 10:30:29.240   MAIN   INF   user: 23
2020-04-15 10:30:29.240   MAIN   INF   order: 
2020-04-15 10:30:29.240   MAIN   INF   operation: 
2020-04-15 10:30:29.240   MAIN   INF   workplace: 
2020-04-15 10:30:29.240   MAIN   INF   Checking user
2020-04-15 10:30:44.241   MAIN   ERR   Error opening db: Unable to open tcp connection with host '192.168.1.26:1433': dial tcp 192.168.1.26:1433: i/o timeout
2020-04-15 10:30:44.242   MAIN   INF   User not found for 23
2020-04-15 10:32:28.198   MAIN   INF   Server running
2020-04-15 10:32:30.144   MAIN   INF   Displaying main screen
2020-04-15 10:32:32.792   MAIN   INF   Checking data input
2020-04-15 10:32:32.792   MAIN   INF   user: 123
2020-04-15 10:32:32.792   MAIN   INF   order: 
2020-04-15 10:32:32.792   MAIN   INF   operation: 
2020-04-15 10:32:32.792   MAIN   INF   workplace: 
2020-04-15 10:32:32.792   MAIN   INF   Checking user
2020-04-15 10:32:47.796   MAIN   ERR   Error opening db: Unable to open tcp connection with host '192.168.1.26:1433': dial tcp 192.168.1.26:1433: i/o timeout
2020-04-15 10:32:47.797   MAIN   INF   User not found for 123
2020-04-15 10:33:27.491   MAIN   INF   Server running
2020-04-15 10:33:32.679   MAIN   INF   Checking data input
2020-04-15 10:33:32.680   MAIN   INF   user: 123
2020-04-15 10:33:32.680   MAIN   INF   order: 
2020-04-15 10:33:32.680   MAIN   INF   operation: 
2020-04-15 10:33:32.680   MAIN   INF   workplace: 
2020-04-15 10:33:32.680   MAIN   INF   Checking user
2020-04-15 10:33:47.685   MAIN   ERR   Error opening db: Unable to open tcp connection with host '192.168.1.26:1433': dial tcp 192.168.1.26:1433: i/o timeout
