2020-02-11 09:43:44.336   MAIN   INF   Server running
2020-02-11 09:43:52.585   MAIN   INF   Displaying LCD for Rompa
2020-02-11 09:43:52.585   MAIN   INF   1
2020-02-11 09:43:52.585   MAIN   INF   2
2020-02-11 09:43:52.585   MAIN   INF   3
2020-02-11 09:43:52.587   MAIN   INF   Displaying LCD for Rompa
2020-02-11 09:43:52.587   MAIN   INF   1
2020-02-11 09:43:52.587   MAIN   INF   2
2020-02-11 09:43:52.587   MAIN   INF   3
2020-02-11 09:43:52.589   MAIN   INF   Displaying LCD for Rompa
2020-02-11 09:43:52.590   MAIN   INF   1
2020-02-11 09:43:52.590   MAIN   INF   2
2020-02-11 09:43:52.590   MAIN   INF   3
2020-02-11 09:45:39.004   MAIN   INF   Server running
2020-02-11 09:45:46.312   MAIN   INF   Displaying LCD for Rompa
2020-02-11 09:45:46.312   MAIN   INF   1
2020-02-11 09:45:46.313   MAIN   INF   2
2020-02-11 09:45:46.313   MAIN   INF   3
2020-02-11 09:45:48.989   MAIN   INF   Displaying LCD for Rompa
2020-02-11 09:45:48.989   MAIN   INF   1
2020-02-11 09:45:48.989   MAIN   INF   2
2020-02-11 09:45:48.989   MAIN   INF   3
2020-02-11 09:45:57.997   MAIN   INF   Displaying LCD for Rompa
2020-02-11 09:45:57.997   MAIN   INF   1
2020-02-11 09:45:57.997   MAIN   INF   2
2020-02-11 09:45:57.997   MAIN   INF   3
2020-02-11 09:46:19.073   MAIN   INF   Server running
2020-02-11 09:46:20.376   MAIN   INF   Displaying LCD for Rompa
2020-02-11 09:46:20.376   MAIN   INF   1
2020-02-11 09:46:20.376   MAIN   INF   2
2020-02-11 09:46:20.376   MAIN   INF   3
2020-02-11 09:46:22.161   MAIN   INF   Displaying LCD for Rompa
2020-02-11 09:46:22.161   MAIN   INF   1
2020-02-11 09:46:22.161   MAIN   INF   2
2020-02-11 09:46:22.161   MAIN   INF   3
2020-02-11 09:46:58.898   MAIN   INF   Server running
2020-02-11 09:46:59.037   MAIN   INF   Displaying LCD for Rompa
2020-02-11 09:47:02.934   MAIN   INF   Displaying LCD for Rompa
2020-02-11 09:49:33.286   MAIN   INF   Server running
2020-02-11 09:49:48.957   MAIN   INF   Server running
2020-02-11 09:49:51.373   MAIN   INF   Displaying LCD for Rompa
2020-02-11 09:49:53.371   MAIN   INF   Displaying LCD for Rompa
2020-02-11 09:53:40.647   MAIN   INF   Server running
2020-02-11 09:53:43.894   MAIN   INF   Displaying LCD for Rompa
2020-02-11 09:53:45.994   MAIN   INF   Displaying LCD for Rompa
2020-02-11 10:00:05.480   MAIN   INF   Server running
2020-02-11 10:00:06.768   MAIN   INF   Displaying LCD for Rompa
2020-02-11 10:00:16.210   MAIN   INF   Displaying LCD for Rompa
2020-02-11 10:01:15.720   MAIN   INF   Server running
2020-02-11 10:01:17.540   MAIN   INF   Displaying LCD for Rompa
2020-02-11 10:04:20.222   MAIN   INF   Server running
2020-02-11 10:04:23.066   MAIN   INF   Displaying LCD for Rompa
2020-02-11 10:04:47.140   MAIN   INF   Server running
2020-02-11 10:04:48.230   MAIN   INF   Displaying LCD for Rompa
2020-02-11 10:05:02.990   MAIN   INF   Server running
2020-02-11 10:05:03.777   MAIN   INF   Displaying LCD for Rompa
2020-02-11 10:05:04.603   MAIN   INF   Displaying LCD for Rompa
2020-02-11 10:05:05.342   MAIN   INF   Displaying LCD for Rompa
2020-02-11 10:05:14.379   MAIN   INF   Server running
2020-02-11 10:05:14.612   MAIN   INF   Displaying LCD for Rompa
2020-02-11 10:05:30.796   MAIN   INF   Server running
2020-02-11 10:05:32.034   MAIN   INF   Displaying LCD for Rompa
2020-02-11 10:05:33.326   MAIN   INF   Displaying LCD for Rompa
2020-02-11 10:05:42.731   MAIN   INF   Server running
2020-02-11 10:05:43.008   MAIN   INF   Displaying LCD for Rompa
2020-02-11 10:06:10.932   MAIN   INF   Server running
2020-02-11 10:06:11.115   MAIN   INF   Displaying LCD for Rompa
2020-02-11 10:06:29.384   MAIN   INF   Server running
2020-02-11 10:06:38.630   MAIN   INF   Server running
2020-02-11 10:06:40.142   MAIN   INF   Displaying LCD for Rompa
2020-02-11 10:06:42.711   MAIN   INF   Displaying LCD for Rompa
2020-02-11 10:07:15.159   MAIN   INF   Server running
2020-02-11 10:07:15.461   MAIN   INF   Displaying LCD for Rompa
2020-02-11 10:07:42.196   MAIN   INF   Server running
2020-02-11 10:07:43.980   MAIN   INF   Displaying LCD for Rompa
2020-02-11 10:07:52.240   MAIN   INF   Server running
2020-02-11 10:07:52.580   MAIN   INF   Displaying LCD for Rompa
2020-02-11 10:07:54.968   MAIN   INF   Displaying LCD for Rompa
2020-02-11 11:28:25.533   MAIN   INF   Displaying LCD for Rompa
2020-02-11 11:28:31.982   MAIN   INF   Displaying LCD for Rompa
2020-02-11 11:28:45.977   MAIN   INF   Server running
2020-02-11 11:28:47.098   MAIN   INF   Displaying LCD for Rompa
2020-02-11 11:28:49.737   MAIN   INF   Displaying LCD for Rompa
2020-02-11 11:29:03.939   MAIN   INF   Server running
2020-02-11 11:29:04.297   MAIN   INF   Displaying LCD for Rompa
2020-02-11 11:29:13.832   MAIN   INF   Displaying LCD for Rompa
2020-02-11 11:29:13.834   MAIN   INF   Displaying LCD for Rompa
2020-02-11 11:29:13.836   MAIN   INF   Displaying LCD for Rompa
2020-02-11 11:29:13.839   MAIN   INF   Displaying LCD for Rompa
2020-02-11 11:29:16.645   MAIN   INF   Displaying LCD for Rompa
2020-02-11 11:29:16.647   MAIN   INF   Displaying LCD for Rompa
2020-02-11 11:29:16.648   MAIN   INF   Displaying LCD for Rompa
2020-02-11 11:29:37.692   MAIN   INF   Server running
2020-02-11 11:29:38.922   MAIN   INF   Displaying LCD for Rompa
2020-02-11 11:29:42.321   MAIN   INF   Displaying LCD for Rompa
2020-02-11 11:30:58.530   MAIN   INF   Displaying LCD for Rompa
2020-02-11 11:31:06.050   MAIN   INF   Displaying LCD for Rompa
2020-02-11 11:31:15.552   MAIN   INF   Displaying LCD for Rompa
2020-02-11 11:31:16.283   MAIN   INF   Displaying LCD for Rompa
2020-02-11 11:31:32.654   MAIN   INF   Displaying LCD for Rompa
2020-02-11 11:31:38.767   MAIN   INF   Displaying LCD for Rompa
2020-02-11 11:31:51.917   MAIN   INF   Displaying LCD for Rompa
2020-02-11 11:31:52.914   MAIN   INF   Displaying LCD for Rompa
2020-02-11 11:32:01.649   MAIN   INF   Displaying LCD for Rompa
2020-02-11 11:32:41.461   MAIN   INF   Displaying LCD for Rompa
2020-02-11 11:32:43.786   MAIN   INF   Displaying LCD for Rompa
2020-02-11 11:33:08.777   MAIN   INF   Displaying LCD for Rompa
2020-02-11 11:33:43.347   MAIN   INF   Displaying LCD for Rompa
2020-02-11 11:33:47.003   MAIN   INF   Displaying LCD for Rompa
2020-02-11 11:34:18.166   MAIN   INF   Displaying LCD for Rompa
2020-02-11 11:34:31.428   MAIN   INF   Displaying LCD for Rompa
2020-02-11 11:34:43.155   MAIN   INF   Displaying LCD for Rompa
2020-02-11 11:34:58.607   MAIN   INF   Displaying LCD for Rompa
2020-02-11 11:35:15.804   MAIN   INF   Displaying LCD for Rompa
2020-02-11 11:35:32.283   MAIN   INF   Displaying LCD for Rompa
2020-02-11 11:35:33.092   MAIN   INF   Displaying LCD for Rompa
2020-02-11 11:35:57.585   MAIN   INF   Displaying LCD for Rompa
2020-02-11 11:36:13.915   MAIN   INF   Displaying LCD for Rompa
2020-02-11 11:36:38.925   MAIN   INF   Displaying LCD for Rompa
2020-02-11 11:36:47.779   MAIN   INF   Displaying LCD for Rompa
2020-02-11 11:37:12.521   MAIN   INF   Displaying LCD for Rompa
2020-02-11 11:37:34.349   MAIN   INF   Server running
2020-02-11 11:37:41.331   MAIN   INF   Displaying LCD for Rompa
2020-02-11 11:37:43.784   MAIN   INF   Displaying LCD for Rompa
2020-02-11 11:40:13.644   MAIN   INF   Server running
2020-02-11 11:40:13.838   MAIN   INF   Displaying LCD for Rompa
2020-02-11 11:40:16.731   MAIN   INF   Displaying LCD for Rompa
2020-02-11 11:41:32.717   MAIN   INF   Server running
2020-02-11 11:41:35.333   MAIN   INF   Displaying LCD for Rompa
2020-02-11 11:42:06.896   MAIN   INF   Server running
2020-02-11 11:42:11.894   MAIN   INF   Displaying LCD for Rompa
2020-02-11 11:42:12.952   MAIN   INF   Displaying LCD for Rompa
2020-02-11 11:42:13.675   MAIN   INF   Displaying LCD for Rompa
2020-02-11 11:42:14.416   MAIN   INF   Displaying LCD for Rompa
2020-02-11 11:42:28.314   MAIN   INF   Displaying LCD for Rompa
2020-02-11 11:42:51.135   MAIN   INF   Displaying LCD for Rompa
2020-02-11 11:42:51.800   MAIN   INF   Displaying LCD for Rompa
2020-02-11 11:42:56.477   MAIN   INF   Displaying LCD for Rompa
2020-02-11 11:43:05.780   MAIN   INF   Displaying LCD for Rompa
2020-02-11 11:43:10.272   MAIN   INF   Displaying LCD for Rompa
2020-02-11 11:43:23.981   MAIN   INF   Displaying LCD for Rompa
2020-02-11 11:43:37.740   MAIN   INF   Displaying LCD for Rompa
2020-02-11 11:43:38.535   MAIN   INF   Displaying LCD for Rompa
2020-02-11 11:44:11.672   MAIN   INF   Server running
2020-02-11 11:44:14.747   MAIN   INF   Displaying LCD for Rompa
2020-02-11 11:44:17.052   MAIN   INF   Displaying LCD for Rompa
2020-02-11 11:44:27.122   MAIN   INF   Server running
2020-02-11 11:44:27.274   MAIN   INF   Displaying LCD for Rompa
2020-02-11 11:44:33.686   MAIN   INF   Displaying LCD for Rompa
2020-02-11 11:45:46.602   MAIN   INF   Server running
2020-02-11 11:45:48.851   MAIN   INF   Displaying LCD for Rompa
2020-02-11 11:45:53.839   MAIN   INF   Displaying LCD for Rompa
2020-02-11 11:45:58.433   MAIN   INF   Displaying LCD for Rompa
2020-02-11 11:46:16.026   MAIN   INF   Server running
2020-02-11 11:46:16.379   MAIN   INF   Displaying LCD for Rompa
2020-02-11 11:46:19.314   MAIN   INF   Displaying LCD for Rompa
2020-02-11 11:47:12.063   MAIN   INF   Server running
2020-02-11 11:47:16.918   MAIN   INF   Displaying LCD for Rompa
2020-02-11 11:47:19.305   MAIN   INF   Displaying LCD for Rompa
2020-02-11 11:47:33.964   MAIN   INF   Server running
2020-02-11 11:47:36.135   MAIN   INF   Displaying LCD for Rompa
2020-02-11 11:47:36.135   MAIN   INF   Downloading data for user
2020-02-11 11:48:43.822   MAIN   INF   Server running
2020-02-11 11:48:47.600   MAIN   INF   Displaying LCD for Rompa
2020-02-11 11:48:54.836   MAIN   INF   Displaying LCD for Rompa
2020-02-11 11:48:57.266   MAIN   INF   Displaying LCD for Rompa
2020-02-11 11:48:57.266   MAIN   INF   Downloading data for user
2020-02-11 11:49:40.487   MAIN   INF   Server running
2020-02-11 11:49:45.059   MAIN   INF   Displaying LCD for Rompa
2020-02-11 11:50:08.966   MAIN   INF   Server running
2020-02-11 11:50:11.032   MAIN   INF   Displaying LCD for Rompa
2020-02-11 11:51:02.040   MAIN   INF   Server running
2020-02-11 11:51:04.064   MAIN   INF   Displaying LCD for Rompa
2020-02-11 11:51:18.801   MAIN   INF   Displaying LCD for Rompa
2020-02-11 11:52:04.345   MAIN   INF   Server running
2020-02-11 11:52:05.523   MAIN   INF   Displaying LCD for Rompa
2020-02-11 11:53:53.837   MAIN   INF   Server running
2020-02-11 11:53:55.094   MAIN   INF   Displaying LCD for Rompa
2020-02-11 11:54:39.069   MAIN   INF   Server running
2020-02-11 11:54:39.992   MAIN   INF   Displaying LCD for Rompa
2020-02-11 11:54:47.671   MAIN   INF   Displaying LCD for Rompa
2020-02-11 11:54:48.905   MAIN   INF   Displaying LCD for Rompa
2020-02-11 11:54:52.098   MAIN   INF   Displaying LCD for Rompa
2020-02-11 11:55:13.238   MAIN   INF   Displaying LCD for Rompa
2020-02-11 11:55:13.850   MAIN   INF   Displaying LCD for Rompa
2020-02-11 11:55:20.215   MAIN   INF   Server running
2020-02-11 11:55:21.496   MAIN   INF   Displaying LCD for Rompa
2020-02-11 11:55:22.189   MAIN   INF   Displaying LCD for Rompa
2020-02-11 11:55:23.036   MAIN   INF   Displaying LCD for Rompa
2020-02-11 11:55:23.665   MAIN   INF   Displaying LCD for Rompa
2020-02-11 11:55:30.347   MAIN   INF   Displaying LCD for Rompa
2020-02-11 11:55:50.253   MAIN   INF   Server running
2020-02-11 11:55:51.108   MAIN   INF   Displaying LCD for Rompa
2020-02-11 11:55:53.327   MAIN   INF   Displaying LCD for Rompa
2020-02-11 11:59:00.467   MAIN   INF   Server running
2020-02-11 11:59:01.316   MAIN   INF   Displaying LCD for Rompa
2020-02-11 11:59:48.668   MAIN   INF   Server running
2020-02-11 11:59:49.341   MAIN   INF   Displaying LCD for Rompa
2020-02-11 11:59:50.163   MAIN   INF   Displaying LCD for Rompa
2020-02-11 12:01:24.297   MAIN   INF   Server running
2020-02-11 12:01:24.431   MAIN   INF   Displaying LCD for Rompa
2020-02-11 12:01:25.464   MAIN   INF   Displaying LCD for Rompa
2020-02-11 12:02:01.418   MAIN   INF   Displaying LCD for Rompa
2020-02-11 12:02:05.115   MAIN   INF   Server running
2020-02-11 12:02:06.063   MAIN   INF   Displaying LCD for Rompa
2020-02-11 12:02:06.580   MAIN   INF   Displaying LCD for Rompa
2020-02-11 12:02:20.618   MAIN   INF   Displaying LCD for Rompa
2020-02-11 12:02:24.625   MAIN   INF   Server running
2020-02-11 12:02:25.467   MAIN   INF   Displaying LCD for Rompa
2020-02-11 12:02:26.176   MAIN   INF   Displaying LCD for Rompa
2020-02-11 12:02:37.023   MAIN   INF   Server running
2020-02-11 12:02:37.759   MAIN   INF   Displaying LCD for Rompa
2020-02-11 12:02:53.583   MAIN   INF   Server running
2020-02-11 12:02:53.731   MAIN   INF   Displaying LCD for Rompa
2020-02-11 12:02:54.911   MAIN   INF   Displaying LCD for Rompa
2020-02-11 12:02:55.448   MAIN   INF   Displaying LCD for Rompa
2020-02-11 12:03:15.346   MAIN   INF   Server running
2020-02-11 12:03:16.111   MAIN   INF   Displaying LCD for Rompa
2020-02-11 12:03:27.061   MAIN   INF   Displaying LCD for Rompa
2020-02-11 12:03:40.006   MAIN   INF   Displaying LCD for Rompa
2020-02-11 12:04:01.920   MAIN   INF   Displaying LCD for Rompa
2020-02-11 12:04:18.013   MAIN   INF   Displaying LCD for Rompa
2020-02-11 12:04:32.559   MAIN   INF   Displaying LCD for Rompa
2020-02-11 12:04:42.105   MAIN   INF   Displaying LCD for Rompa
2020-02-11 12:04:51.120   MAIN   INF   Displaying LCD for Rompa
2020-02-11 12:05:15.750   MAIN   INF   Server running
2020-02-11 12:05:16.754   MAIN   INF   Displaying LCD for Rompa
2020-02-11 12:05:17.237   MAIN   INF   Displaying LCD for Rompa
2020-02-11 12:05:27.547   MAIN   INF   Server running
2020-02-11 12:05:28.257   MAIN   INF   Displaying LCD for Rompa
2020-02-11 12:05:28.944   MAIN   INF   Displaying LCD for Rompa
2020-02-11 12:05:30.048   MAIN   INF   Displaying LCD for Rompa
2020-02-11 12:30:24.152   MAIN   INF   Server running
2020-02-11 12:30:28.081   MAIN   INF   Displaying LCD for Rompa
2020-02-11 12:30:28.081   MAIN   INF   Downloading data for user
2020-02-11 12:32:27.065   MAIN   INF   Server running
2020-02-11 12:32:32.772   MAIN   INF   Displaying LCD for Rompa
2020-02-11 12:32:32.773   MAIN   INF   Downloading data for user
2020-02-11 12:34:34.510   MAIN   INF   Server running
2020-02-11 12:34:37.879   MAIN   INF   Displaying LCD for Rompa
2020-02-11 12:34:37.879   MAIN   INF   Downloading data for user
2020-02-11 12:34:44.581   MAIN   INF   Displaying LCD for Rompa
2020-02-11 12:34:44.581   MAIN   INF   Downloading data for user
2020-02-11 12:37:58.955   MAIN   INF   Server running
2020-02-11 12:37:59.820   MAIN   INF   Displaying LCD for Rompa
2020-02-11 12:37:59.820   MAIN   INF   Downloading data for user
2020-02-11 12:38:05.276   MAIN   INF   Displaying LCD for Rompa
2020-02-11 12:39:26.461   MAIN   INF   Server running
2020-02-11 12:39:29.654   MAIN   INF   Server running
2020-02-11 12:39:33.039   MAIN   INF   Displaying LCD for Rompa
2020-02-11 12:39:36.844   MAIN   INF   Displaying LCD for Rompa
2020-02-11 12:39:36.845   MAIN   INF   Downloading data for user
2020-02-11 12:40:26.946   MAIN   INF   Server running
2020-02-11 12:40:35.465   MAIN   INF   Displaying LCD for Rompa
2020-02-11 12:40:39.383   MAIN   INF   Displaying LCD for Rompa
2020-02-11 12:40:39.383   MAIN   INF   Downloading data for user
2020-02-11 12:41:20.786   MAIN   INF   Displaying LCD for Rompa
2020-02-11 12:41:20.786   MAIN   INF   Downloading data for user
2020-02-11 12:46:48.556   MAIN   INF   Server running
2020-02-11 12:46:52.940   MAIN   INF   Displaying LCD for Rompa
2020-02-11 12:46:55.167   MAIN   INF   Displaying LCD for Rompa
2020-02-11 12:48:15.093   MAIN   INF   Displaying LCD for Rompa
2020-02-11 12:49:08.576   MAIN   INF   Displaying LCD for Rompa
2020-02-11 12:49:18.800   MAIN   INF   Displaying LCD for Rompa
2020-02-11 12:49:32.381   MAIN   INF   Displaying LCD for Rompa
2020-02-11 12:49:50.857   MAIN   INF   Displaying LCD for Rompa
2020-02-11 12:50:04.588   MAIN   INF   Displaying LCD for Rompa
2020-02-11 12:50:19.404   MAIN   INF   Displaying LCD for Rompa
2020-02-11 12:52:41.988   MAIN   INF   Displaying LCD for Rompa
2020-02-11 12:53:04.598   MAIN   INF   Displaying LCD for Rompa
2020-02-11 12:53:24.149   MAIN   INF   Server running
2020-02-11 12:53:24.721   MAIN   INF   Displaying LCD for Rompa
2020-02-11 12:53:24.721   MAIN   INF   Downloading data for user
2020-02-11 12:53:27.743   MAIN   INF   Displaying LCD for Rompa
2020-02-11 12:53:31.057   MAIN   INF   Displaying LCD for Rompa
2020-02-11 12:53:31.873   MAIN   INF   Displaying LCD for Rompa
2020-02-11 12:53:33.898   MAIN   INF   Displaying LCD for Rompa
2020-02-11 12:53:33.898   MAIN   INF   Downloading data for user
2020-02-11 12:56:28.344   MAIN   INF   Server running
2020-02-11 12:56:39.654   MAIN   INF   Displaying LCD for Rompa
2020-02-11 12:56:39.655   MAIN   INF   Downloading data for user
2020-02-11 12:56:41.976   MAIN   INF   Displaying LCD for Rompa
2020-02-11 12:56:41.978   MAIN   INF   Displaying LCD for Rompa
2020-02-11 12:56:41.980   MAIN   INF   Displaying LCD for Rompa
2020-02-11 12:56:41.982   MAIN   INF   Displaying LCD for Rompa
2020-02-11 12:57:20.374   MAIN   INF   Server running
2020-02-11 12:57:23.380   MAIN   INF   Displaying LCD for Rompa
2020-02-11 12:57:27.646   MAIN   INF   Displaying LCD for Rompa
2020-02-11 12:57:27.646   MAIN   INF   Downloading data for user
2020-02-11 12:57:34.440   MAIN   INF   Displaying LCD for Rompa
2020-02-11 12:57:34.441   MAIN   INF   Displaying LCD for Rompa
2020-02-11 12:57:34.442   MAIN   INF   Displaying LCD for Rompa
2020-02-11 12:57:34.444   MAIN   INF   Displaying LCD for Rompa
2020-02-11 12:57:34.446   MAIN   INF   Displaying LCD for Rompa
2020-02-11 12:57:34.447   MAIN   INF   Displaying LCD for Rompa
2020-02-11 12:59:28.240   MAIN   INF   Server running
2020-02-11 12:59:34.255   MAIN   INF   Checking Order
2020-02-11 12:59:34.257   MAIN   INF   Checking Order
2020-02-11 12:59:34.260   MAIN   INF   Checking Order
2020-02-11 12:59:53.657   MAIN   INF   Server running
2020-02-11 12:59:56.265   MAIN   INF   Checking Order
2020-02-11 12:59:56.267   MAIN   INF   Checking Order
2020-02-11 12:59:56.269   MAIN   INF   Checking Order
2020-02-11 13:01:06.928   MAIN   INF   Server running
2020-02-11 13:01:09.272   MAIN   INF   Checking Order
2020-02-11 13:01:09.275   MAIN   INF   Checking Order
2020-02-11 13:01:09.279   MAIN   INF   Checking Order
2020-02-11 13:01:55.805   MAIN   INF   Checking Order
2020-02-11 13:01:55.807   MAIN   INF   Checking Order
2020-02-11 13:01:55.809   MAIN   INF   Checking Order
2020-02-11 13:06:59.069   MAIN   INF   Server running
2020-02-11 13:06:59.825   MAIN   INF   Checking Order
2020-02-11 13:06:59.827   MAIN   INF   Checking Order
2020-02-11 13:06:59.829   MAIN   INF   Checking Order
2020-02-11 13:07:03.056   MAIN   INF   Displaying LCD for Rompa
2020-02-11 13:07:51.628   MAIN   INF   Displaying LCD for Rompa
2020-02-11 13:08:16.242   MAIN   INF   Server running
2020-02-11 13:08:16.950   MAIN   INF   Displaying LCD for Rompa
2020-02-11 13:08:18.913   MAIN   INF   Checking User
2020-02-11 13:08:18.913   MAIN   INF   Downloading data for user
2020-02-11 13:08:18.914   MAIN   INF   User downloading completed, displaying HTML
2020-02-11 13:08:21.373   MAIN   INF   Checking User
2020-02-11 13:08:21.373   MAIN   INF   Downloading data for user
2020-02-11 13:08:21.373   MAIN   INF   User downloading completed, displaying HTML
2020-02-11 13:21:28.440   MAIN   INF   Server running
2020-02-11 13:21:33.077   MAIN   INF   Displaying LCD for Rompa
2020-02-11 13:21:35.229   MAIN   INF   Checking data input
2020-02-11 13:21:35.229   MAIN   INF   Checking user
2020-02-11 13:21:39.724   MAIN   INF   Checking data input
2020-02-11 13:21:39.724   MAIN   INF   Checking user
2020-02-11 13:22:27.308   MAIN   INF   Server running
2020-02-11 13:22:31.364   MAIN   INF   Displaying LCD for Rompa
2020-02-11 13:22:35.762   MAIN   INF   Checking data input
2020-02-11 13:22:35.763   MAIN   INF   Checking user
2020-02-11 13:25:28.496   MAIN   INF   Server running
2020-02-11 13:25:32.868   MAIN   INF   Displaying LCD for Rompa
2020-02-11 13:25:35.003   MAIN   INF   Checking data input
2020-02-11 13:25:35.003   MAIN   INF   Checking workplace
2020-02-11 13:26:02.881   MAIN   INF   Server running
2020-02-11 13:26:05.522   MAIN   INF   Displaying LCD for Rompa
2020-02-11 13:26:07.887   MAIN   INF   Checking data input
2020-02-11 13:26:07.887   MAIN   INF   Checking workplace
2020-02-11 13:26:25.100   MAIN   INF   Server running
2020-02-11 13:26:30.767   MAIN   INF   Checking data input
2020-02-11 13:26:30.767   MAIN   INF   Checking user
2020-02-11 13:26:44.059   MAIN   INF   Checking data input
2020-02-11 13:26:44.060   MAIN   INF   Checking user
2020-02-11 13:27:36.166   MAIN   INF   Checking data input
2020-02-11 13:27:36.166   MAIN   INF   Checking user
2020-02-11 13:28:10.951   MAIN   INF   Server running
2020-02-11 13:28:14.831   MAIN   INF   Displaying LCD for Rompa
2020-02-11 13:28:16.923   MAIN   INF   Checking data input
2020-02-11 13:28:16.923   MAIN   INF   Checking user
2020-02-11 13:28:18.862   MAIN   INF   Checking data input
2020-02-11 13:28:18.863   MAIN   INF   Checking user
2020-02-11 13:28:50.442   MAIN   INF   Server running
2020-02-11 13:28:52.962   MAIN   INF   Displaying LCD for Rompa
2020-02-11 13:28:54.517   MAIN   INF   Checking data input
2020-02-11 13:28:54.518   MAIN   INF   Checking user
2020-02-11 13:28:58.494   MAIN   INF   Checking data input
2020-02-11 13:28:58.495   MAIN   INF   Checking user
2020-02-11 13:29:46.714   MAIN   INF   Server running
2020-02-11 13:29:47.041   MAIN   INF   Displaying LCD for Rompa
2020-02-11 13:29:48.679   MAIN   INF   Checking data input
2020-02-11 13:29:48.679   MAIN   INF   Checking user
2020-02-11 13:29:50.130   MAIN   INF   Checking data input
2020-02-11 13:29:50.130   MAIN   INF   Checking user
2020-02-11 13:30:24.748   MAIN   INF   Server running
2020-02-11 13:30:25.139   MAIN   INF   Displaying LCD for Rompa
2020-02-11 13:30:26.676   MAIN   INF   Checking data input
2020-02-11 13:30:26.676   MAIN   INF   Checking user
2020-02-11 13:30:28.365   MAIN   INF   Checking data input
2020-02-11 13:30:28.365   MAIN   INF   Checking user
2020-02-11 13:30:57.462   MAIN   INF   Server running
2020-02-11 13:30:57.764   MAIN   INF   Displaying LCD for Rompa
2020-02-11 13:30:59.367   MAIN   INF   Checking data input
2020-02-11 13:30:59.367   MAIN   INF   Checking user
2020-02-11 13:31:01.184   MAIN   INF   Checking data input
2020-02-11 13:31:01.185   MAIN   INF   Checking user
2020-02-11 13:31:13.911   MAIN   INF   Server running
2020-02-11 13:31:14.021   MAIN   INF   Displaying LCD for Rompa
2020-02-11 13:31:15.643   MAIN   INF   Checking data input
2020-02-11 13:31:15.643   MAIN   INF   Checking user
2020-02-11 13:31:17.218   MAIN   INF   Checking data input
2020-02-11 13:31:17.218   MAIN   INF   Checking user
2020-02-11 13:33:06.003   MAIN   INF   Server running
2020-02-11 13:33:09.466   MAIN   INF   Displaying LCD for Rompa
2020-02-11 13:33:11.042   MAIN   INF   Checking data input
2020-02-11 13:33:11.042   MAIN   INF   Checking user
2020-02-11 13:33:12.544   MAIN   INF   Checking data input
2020-02-11 13:33:12.545   MAIN   INF   Checking order
2020-02-11 13:33:49.302   MAIN   INF   Server running
2020-02-11 13:33:49.821   MAIN   INF   Displaying LCD for Rompa
2020-02-11 13:33:51.661   MAIN   INF   Checking data input
2020-02-11 13:33:51.661   MAIN   INF   Checking user
2020-02-11 13:33:53.539   MAIN   INF   Checking data input
2020-02-11 13:33:53.539   MAIN   INF   Checking order
2020-02-11 13:42:05.647   MAIN   INF   Server running
2020-02-11 13:42:06.773   MAIN   INF   Displaying LCD for Rompa
2020-02-11 13:42:16.904   MAIN   INF   Checking data input
2020-02-11 13:42:16.904   MAIN   INF   Checking user
2020-02-11 13:42:30.481   MAIN   INF   Displaying LCD for Rompa
2020-02-11 13:42:33.929   MAIN   INF   Checking data input
2020-02-11 13:42:33.929   MAIN   INF   Checking user
2020-02-11 13:42:36.281   MAIN   INF   Checking data input
2020-02-11 13:42:36.281   MAIN   INF   Checking workplace
2020-02-11 13:42:36.281   MAIN   INF   Checking workplace
2020-02-11 13:43:06.575   MAIN   INF   Server running
2020-02-11 13:43:07.878   MAIN   INF   Displaying LCD for Rompa
2020-02-11 13:43:13.553   MAIN   INF   Checking data input
2020-02-11 13:43:13.553   MAIN   INF   Checking user
2020-02-11 13:43:18.002   MAIN   INF   Checking data input
2020-02-11 13:43:18.002   MAIN   INF   Checking workplace
2020-02-11 13:43:18.002   MAIN   INF   Checking workplace
2020-02-11 13:43:37.618   MAIN   INF   Displaying LCD for Rompa
2020-02-11 13:44:45.404   MAIN   INF   Server running
2020-02-11 13:44:46.839   MAIN   INF   Displaying LCD for Rompa
2020-02-11 13:45:00.893   MAIN   INF   Server running
2020-02-11 13:45:01.659   MAIN   INF   Displaying LCD for Rompa
2020-02-11 13:45:04.017   MAIN   INF   Checking data input
2020-02-11 13:45:04.018   MAIN   INF   Checking user
2020-02-11 13:45:29.461   MAIN   INF   Server running
2020-02-11 13:45:29.695   MAIN   INF   Displaying LCD for Rompa
2020-02-11 13:45:31.490   MAIN   INF   Checking data input
2020-02-11 13:45:31.491   MAIN   INF   Checking user
2020-02-11 13:45:33.684   MAIN   INF   Checking data input
2020-02-11 13:45:33.684   MAIN   INF   Checking workplace
2020-02-11 13:45:33.684   MAIN   INF   Checking workplace
2020-02-11 13:47:25.784   MAIN   INF   Server running
2020-02-11 13:47:28.599   MAIN   INF   Displaying LCD for Rompa
2020-02-11 13:48:16.472   MAIN   INF   Server running
2020-02-11 13:48:19.267   MAIN   INF   Displaying LCD for Rompa
2020-02-11 13:48:48.327   MAIN   INF   Server running
2020-02-11 13:48:48.512   MAIN   INF   Displaying LCD for Rompa
2020-02-11 13:48:50.966   MAIN   INF   Checking data input
2020-02-11 13:48:50.966   MAIN   INF   Checking user
2020-02-11 13:48:52.871   MAIN   INF   Checking data input
2020-02-11 13:48:52.871   MAIN   INF   Checking workplace
2020-02-11 13:48:52.872   MAIN   INF   Checking workplace
2020-02-11 13:50:01.212   MAIN   INF   Server running
2020-02-11 13:50:01.495   MAIN   INF   Displaying LCD for Rompa
2020-02-11 13:50:03.206   MAIN   INF   Checking data input
2020-02-11 13:50:03.206   MAIN   INF   Checking user
2020-02-11 13:50:05.238   MAIN   INF   Checking data input
2020-02-11 13:50:05.238   MAIN   INF   Checking workplace
2020-02-11 13:50:07.737   MAIN   INF   Checking data input
2020-02-11 13:50:07.738   MAIN   INF   Checking workplace
2020-02-11 13:50:22.667   MAIN   INF   Displaying LCD for Rompa
2020-02-11 13:50:27.788   MAIN   INF   Server running
2020-02-11 13:50:28.106   MAIN   INF   Checking data input
2020-02-11 13:50:28.106   MAIN   INF   Checking user
2020-02-11 13:50:29.895   MAIN   INF   Checking data input
2020-02-11 13:50:29.896   MAIN   INF   Checking workplace
2020-02-11 13:50:31.575   MAIN   INF   Checking data input
2020-02-11 13:50:31.576   MAIN   INF   Checking workplace
