2020-05-04 10:02:22.781   MAIN   INF   Starting Zapsi Service on darwin-launchd
2020-05-04 10:02:22.781   MAIN   INF   Server running
2020-05-04 10:02:26.322   MAIN   INF   Displaying main screen
2020-05-04 10:02:26.323   MAIN   INF   No workplaces, adding null workplace
2020-05-04 10:03:16.864   MAIN   INF   Displaying main screen
2020-05-04 10:03:16.865   MAIN   INF   No workplaces, adding null workplace
2020-05-04 10:05:02.879   MAIN   INF   Displaying main screen
2020-05-04 10:05:02.879   MAIN   INF   No workplaces, adding null workplace
2020-05-04 10:05:10.696   MAIN   INF   Displaying main screen
2020-05-04 10:05:10.697   MAIN   INF   No workplaces, adding null workplace
2020-05-04 10:05:11.615   MAIN   INF   Displaying main screen
2020-05-04 10:05:11.616   MAIN   INF   No workplaces, adding null workplace
2020-05-04 10:05:15.552   MAIN   INF   Displaying main screen
2020-05-04 10:05:15.553   MAIN   INF   No workplaces, adding null workplace
2020-05-04 10:05:27.088   MAIN   INF   Displaying main screen
2020-05-04 10:05:27.088   MAIN   INF   No workplaces, adding null workplace
2020-05-04 10:10:47.071   MAIN   INF   Stopped on platform darwin-launchd
2020-05-04 10:56:40.929   MAIN   INF   Starting Zapsi Service on darwin-launchd
2020-05-04 10:56:40.930   MAIN   INF   Server running
2020-05-04 10:56:58.215   MAIN   INF   Displaying main screen
2020-05-04 10:56:58.216   MAIN   INF   No workplaces, adding null workplace
2020-05-04 11:07:05.624   MAIN   INF   Stopped on platform darwin-launchd
