2020-06-09 12:11:32.565   MAIN   INF   Starting Zapsi Service on darwin-launchd
2020-06-09 12:11:32.567   MAIN   INF   Server running
2020-06-09 12:11:35.401   MAIN   INF   Displaying main screen
2020-06-09 12:11:37.100   MAIN   INF   Checking data input
2020-06-09 12:11:37.100   MAIN   INF   [USER:123] [ORDER:] [OPERATION:] [WORKPLACE:]
2020-06-09 12:11:37.101   MAIN   INF   [OK:NOK:TYPE]  [::]
2020-06-09 12:11:37.101   MAIN   INF   [RADIO:0]
2020-06-09 12:11:37.101   MAIN   INF   [START:TRANSFER:END] [0:0:0]
2020-06-09 12:11:37.101   MAIN   INF   Checking user
2020-06-09 12:11:37.101   MAIN   INF   User found: 123
2020-06-09 12:11:41.177   MAIN   INF   Stopped on platform darwin-launchd
2020-06-09 12:12:25.798   MAIN   INF   Starting Zapsi Service on darwin-launchd
2020-06-09 12:12:25.798   MAIN   INF   Server running
2020-06-09 12:12:28.947   MAIN   INF   Checking data input
2020-06-09 12:12:28.948   MAIN   INF   [USER:1234;Petr Jahoda] [ORDER:12] [OPERATION:] [WORKPLACE:]
2020-06-09 12:12:28.948   MAIN   INF   [OK:NOK:TYPE]  [::]
2020-06-09 12:12:28.948   MAIN   INF   [RADIO:0]
2020-06-09 12:12:28.948   MAIN   INF   [START:TRANSFER:END] [0:0:0]
2020-06-09 12:12:28.948   MAIN   INF   Checking order
2020-06-09 12:12:33.875   MAIN   INF   Displaying main screen
2020-06-09 12:12:35.276   MAIN   INF   Checking data input
2020-06-09 12:12:35.276   MAIN   INF   [USER:123] [ORDER:] [OPERATION:] [WORKPLACE:]
2020-06-09 12:12:35.277   MAIN   INF   [OK:NOK:TYPE]  [::]
2020-06-09 12:12:35.277   MAIN   INF   [RADIO:0]
2020-06-09 12:12:35.277   MAIN   INF   [START:TRANSFER:END] [0:0:0]
2020-06-09 12:12:35.277   MAIN   INF   Checking user
2020-06-09 12:12:35.277   MAIN   INF   User found: 123
2020-06-09 12:13:02.239   MAIN   INF   Stopped on platform darwin-launchd
2020-06-09 12:13:04.079   MAIN   INF   Starting Zapsi Service on darwin-launchd
2020-06-09 12:13:04.080   MAIN   INF   Server running
2020-06-09 12:13:04.405   MAIN   INF   Displaying main screen
2020-06-09 12:13:05.970   MAIN   INF   Checking data input
2020-06-09 12:13:05.970   MAIN   INF   [USER:123] [ORDER:] [OPERATION:] [WORKPLACE:]
2020-06-09 12:13:05.971   MAIN   INF   [OK:NOK:TYPE]  [::]
2020-06-09 12:13:05.971   MAIN   INF   [RADIO:0]
2020-06-09 12:13:05.971   MAIN   INF   [START:TRANSFER:END] [0:0:0]
2020-06-09 12:13:05.971   MAIN   INF   Checking user
2020-06-09 12:13:05.971   MAIN   INF   User found: 123
2020-06-09 12:13:07.465   MAIN   INF   Checking data input
2020-06-09 12:13:07.465   MAIN   INF   [USER:1234;Petr Jahoda] [ORDER:12] [OPERATION:] [WORKPLACE:]
2020-06-09 12:13:07.465   MAIN   INF   [OK:NOK:TYPE]  [::]
2020-06-09 12:13:07.465   MAIN   INF   [RADIO:0]
2020-06-09 12:13:07.465   MAIN   INF   [START:TRANSFER:END] [0:0:0]
2020-06-09 12:13:07.465   MAIN   INF   Checking order
2020-06-09 12:13:10.659   MAIN   INF   Stopped on platform darwin-launchd
2020-06-09 12:13:41.166   MAIN   INF   Starting Zapsi Service on darwin-launchd
2020-06-09 12:13:41.166   MAIN   INF   Server running
2020-06-09 12:13:42.931   MAIN   INF   Displaying main screen
2020-06-09 12:13:44.062   MAIN   INF   Checking data input
2020-06-09 12:13:44.062   MAIN   INF   [USER:123] [ORDER:] [OPERATION:] [WORKPLACE:]
2020-06-09 12:13:44.062   MAIN   INF   [OK:NOK:TYPE]  [::]
2020-06-09 12:13:44.062   MAIN   INF   [RADIO:0]
2020-06-09 12:13:44.062   MAIN   INF   [START:TRANSFER:END] [0:0:0]
2020-06-09 12:13:44.062   MAIN   INF   Checking user
2020-06-09 12:13:44.063   MAIN   INF   User found: 123
2020-06-09 12:13:45.019   MAIN   INF   Checking data input
2020-06-09 12:13:45.019   MAIN   INF   [USER:1234;Petr Jahoda] [ORDER:23] [OPERATION:] [WORKPLACE:]
2020-06-09 12:13:45.019   MAIN   INF   [OK:NOK:TYPE]  [::]
2020-06-09 12:13:45.019   MAIN   INF   [RADIO:0]
2020-06-09 12:13:45.019   MAIN   INF   [START:TRANSFER:END] [0:0:0]
2020-06-09 12:13:45.019   MAIN   INF   Checking order
2020-06-09 12:13:46.031   MAIN   INF   Checking data input
2020-06-09 12:13:46.031   MAIN   INF   [USER:1234;Petr Jahoda] [ORDER:23] [OPERATION:12] [WORKPLACE:]
2020-06-09 12:13:46.031   MAIN   INF   [OK:NOK:TYPE]  [::]
2020-06-09 12:13:46.031   MAIN   INF   [RADIO:0]
2020-06-09 12:13:46.031   MAIN   INF   [START:TRANSFER:END] [0:0:0]
2020-06-09 12:13:46.031   MAIN   INF   Checking operation
2020-06-09 12:13:46.156   MAIN   ERR   Error opening db: Unable to open tcp connection with host '192.168.1.26:1433': dial tcp 192.168.1.26:1433: connect: no route to host
2020-06-09 12:13:46.156   MAIN   INF   Sending error page for order check
2020-06-09 12:13:48.231   MAIN   INF   Checking data input
2020-06-09 12:13:48.231   MAIN   INF   [USER:1234;Petr Jahoda] [ORDER:23] [OPERATION:23] [WORKPLACE:]
2020-06-09 12:13:48.231   MAIN   INF   [OK:NOK:TYPE]  [::]
2020-06-09 12:13:48.231   MAIN   INF   [RADIO:0]
2020-06-09 12:13:48.231   MAIN   INF   [START:TRANSFER:END] [0:0:0]
2020-06-09 12:13:48.231   MAIN   INF   Checking operation
2020-06-09 12:13:48.356   MAIN   ERR   Error opening db: Unable to open tcp connection with host '192.168.1.26:1433': dial tcp 192.168.1.26:1433: connect: no route to host
2020-06-09 12:13:48.356   MAIN   INF   Sending error page for order check
2020-06-09 12:14:54.115   MAIN   INF   Stopped on platform darwin-launchd
2020-06-09 12:14:56.041   MAIN   INF   Starting Zapsi Service on darwin-launchd
2020-06-09 12:14:56.041   MAIN   INF   Server running
2020-06-09 12:14:56.975   MAIN   INF   Checking data input
2020-06-09 12:14:56.975   MAIN   INF   [USER:1234;Petr Jahoda] [ORDER:23] [OPERATION:123] [WORKPLACE:]
2020-06-09 12:14:56.975   MAIN   INF   [OK:NOK:TYPE]  [::]
2020-06-09 12:14:56.976   MAIN   INF   [RADIO:0]
2020-06-09 12:14:56.976   MAIN   INF   [START:TRANSFER:END] [0:0:0]
2020-06-09 12:14:56.976   MAIN   INF   Checking operation
2020-06-09 12:14:57.101   MAIN   ERR   Error opening db: Unable to open tcp connection with host '192.168.1.26:1433': dial tcp 192.168.1.26:1433: connect: no route to host
2020-06-09 12:14:57.102   MAIN   INF   Sending error page for order check
2020-06-09 13:10:53.026   MAIN   INF   Displaying main screen
2020-06-09 13:10:54.978   MAIN   INF   Checking data input
2020-06-09 13:10:54.978   MAIN   INF   [USER:34] [ORDER:] [OPERATION:] [WORKPLACE:]
2020-06-09 13:10:54.978   MAIN   INF   [OK:NOK:TYPE]  [::]
2020-06-09 13:10:54.978   MAIN   INF   [RADIO:0]
2020-06-09 13:10:54.978   MAIN   INF   [START:TRANSFER:END] [0:0:0]
2020-06-09 13:10:54.978   MAIN   INF   Checking user
2020-06-09 13:10:54.979   MAIN   INF   User found: 34
2020-06-09 13:10:58.148   MAIN   INF   Displaying main screen
2020-06-09 13:11:01.620   MAIN   INF   Stopped on platform darwin-launchd
2020-06-09 13:11:03.843   MAIN   INF   Starting Zapsi Service on darwin-launchd
2020-06-09 13:11:03.844   MAIN   INF   Server running
2020-06-09 13:11:05.887   MAIN   INF   Checking data input
2020-06-09 13:11:05.887   MAIN   INF   [USER:34] [ORDER:] [OPERATION:] [WORKPLACE:]
2020-06-09 13:11:05.888   MAIN   INF   [OK:NOK:TYPE]  [::]
2020-06-09 13:11:05.888   MAIN   INF   [RADIO:0]
2020-06-09 13:11:05.888   MAIN   INF   [START:TRANSFER:END] [0:0:0]
2020-06-09 13:11:05.888   MAIN   INF   Checking user
2020-06-09 13:11:06.010   MAIN   ERR   Error opening db: Unable to open tcp connection with host '192.168.1.26:1433': dial tcp 192.168.1.26:1433: connect: no route to host
2020-06-09 13:11:06.011   MAIN   INF   Sending error page for user check
2020-06-09 13:11:07.736   MAIN   INF   Checking data input
2020-06-09 13:11:07.736   MAIN   INF   [USER:3434] [ORDER:] [OPERATION:] [WORKPLACE:]
2020-06-09 13:11:07.736   MAIN   INF   [OK:NOK:TYPE]  [::]
2020-06-09 13:11:07.736   MAIN   INF   [RADIO:0]
2020-06-09 13:11:07.736   MAIN   INF   [START:TRANSFER:END] [0:0:0]
2020-06-09 13:11:07.736   MAIN   INF   Checking user
2020-06-09 13:11:07.854   MAIN   ERR   Error opening db: Unable to open tcp connection with host '192.168.1.26:1433': dial tcp 192.168.1.26:1433: connect: no route to host
2020-06-09 13:11:07.855   MAIN   INF   Sending error page for user check
2020-06-09 13:11:09.270   MAIN   INF   Checking data input
2020-06-09 13:11:09.270   MAIN   INF   [USER:34334] [ORDER:] [OPERATION:] [WORKPLACE:]
2020-06-09 13:11:09.270   MAIN   INF   [OK:NOK:TYPE]  [::]
2020-06-09 13:11:09.270   MAIN   INF   [RADIO:0]
2020-06-09 13:11:09.270   MAIN   INF   [START:TRANSFER:END] [0:0:0]
2020-06-09 13:11:09.270   MAIN   INF   Checking user
2020-06-09 13:11:09.394   MAIN   ERR   Error opening db: Unable to open tcp connection with host '192.168.1.26:1433': dial tcp 192.168.1.26:1433: connect: no route to host
2020-06-09 13:11:09.394   MAIN   INF   Sending error page for user check
2020-06-09 13:12:09.484   MAIN   INF   Stopped on platform darwin-launchd
2020-06-09 13:12:11.275   MAIN   INF   Starting Zapsi Service on darwin-launchd
2020-06-09 13:12:11.276   MAIN   INF   Server running
2020-06-09 13:12:12.673   MAIN   INF   Displaying main screen
2020-06-09 13:12:14.263   MAIN   INF   Checking data input
2020-06-09 13:12:14.263   MAIN   INF   [USER:dfdfd] [ORDER:] [OPERATION:] [WORKPLACE:]
2020-06-09 13:12:14.263   MAIN   INF   [OK:NOK:TYPE]  [::]
2020-06-09 13:12:14.263   MAIN   INF   [RADIO:0]
2020-06-09 13:12:14.263   MAIN   INF   [START:TRANSFER:END] [0:0:0]
2020-06-09 13:12:14.264   MAIN   INF   Checking user
2020-06-09 13:12:15.398   MAIN   ERR   Error opening db: Unable to open tcp connection with host '192.168.1.26:1433': dial tcp 192.168.1.26:1433: connect: no route to host
2020-06-09 13:12:15.399   MAIN   INF   Sending error page for user check
2020-06-09 13:12:20.685   MAIN   INF   Stopped on platform darwin-launchd
2020-06-09 13:28:53.506   MAIN   INF   Starting Zapsi Service on darwin-launchd
2020-06-09 13:28:53.507   MAIN   INF   Server running
2020-06-09 13:28:57.272   MAIN   INF   Checking data input
2020-06-09 13:28:57.272   MAIN   INF   [USER:dfdfd] [ORDER:] [OPERATION:] [WORKPLACE:]
2020-06-09 13:28:57.273   MAIN   INF   [OK:NOK:TYPE]  [::]
2020-06-09 13:28:57.273   MAIN   INF   [RADIO:0]
2020-06-09 13:28:57.273   MAIN   INF   [START:TRANSFER:END] [0:0:0]
2020-06-09 13:28:57.273   MAIN   INF   Checking user
2020-06-09 13:28:57.400   MAIN   ERR   Error opening db: Unable to open tcp connection with host '192.168.1.26:1433': dial tcp 192.168.1.26:1433: connect: no route to host
2020-06-09 13:28:57.401   MAIN   INF   Sending error page for user check
2020-06-09 13:28:58.693   MAIN   INF   Displaying main screen
