2020-05-11 09:00:27.962   MAIN   INF   Starting Zapsi Service on darwin-launchd
2020-05-11 09:00:27.963   MAIN   INF   Server running
2020-05-11 09:00:32.750   MAIN   INF   Displaying main screen
2020-05-11 09:00:32.751   MAIN   INF   No workplaces, adding null workplace
2020-05-11 09:00:35.578   MAIN   INF   Checking data input
2020-05-11 09:00:35.579   MAIN   INF   Potvrdit
2020-05-11 09:00:35.579   MAIN   INF   [user:22] [order:] [operation:] [workplace:]
2020-05-11 09:00:35.579   MAIN   INF   Checking user
2020-05-11 09:00:35.582   MAIN   ERR   Error opening db: Unable to open tcp connection with host 'localhost:1433': dial tcp [::1]:1433: connect: connection refused
2020-05-11 09:00:35.582   MAIN   INF   No workplaces, adding null workplace
2020-05-11 09:00:46.186   MAIN   INF   Checking data input
2020-05-11 09:00:46.186   MAIN   INF   Potvrdit
2020-05-11 09:00:46.186   MAIN   INF   [user:22] [order:] [operation:] [workplace:]
2020-05-11 09:00:46.187   MAIN   INF   Checking user
2020-05-11 09:00:46.188   MAIN   ERR   Error opening db: Unable to open tcp connection with host 'localhost:1433': dial tcp 127.0.0.1:1433: connect: connection refused
2020-05-11 09:00:46.188   MAIN   INF   No workplaces, adding null workplace
2020-05-11 09:05:24.252   MAIN   INF   Stopped on platform darwin-launchd
2020-05-11 09:05:27.269   MAIN   INF   Starting Zapsi Service on darwin-launchd
2020-05-11 09:05:27.270   MAIN   INF   Server running
2020-05-11 09:05:30.619   MAIN   INF   Displaying main screen
2020-05-11 09:05:30.621   MAIN   INF   No workplaces, adding null workplace
2020-05-11 09:17:51.070   MAIN   INF   Stopped on platform darwin-launchd
2020-05-11 09:17:53.624   MAIN   INF   Starting Zapsi Service on darwin-launchd
2020-05-11 09:17:53.624   MAIN   INF   Server running
2020-05-11 09:17:55.625   MAIN   INF   Displaying main screen
2020-05-11 09:17:55.626   MAIN   INF   No workplaces, adding null workplace
2020-05-11 09:17:57.577   MAIN   INF   Checking data input
2020-05-11 09:17:57.577   MAIN   INF   [user:2323] [order:] [operation:] [workplace:]
2020-05-11 09:17:57.577   MAIN   INF   Checking user
2020-05-11 09:17:57.581   MAIN   ERR   Error opening db: Unable to open tcp connection with host 'localhost:1433': dial tcp [::1]:1433: connect: connection refused
2020-05-11 09:17:57.581   MAIN   INF   No workplaces, adding null workplace
2020-05-11 09:45:11.531   MAIN   INF   Stopped on platform darwin-launchd
2020-05-11 09:45:14.074   MAIN   INF   Starting Zapsi Service on darwin-launchd
2020-05-11 09:45:14.075   MAIN   INF   Server running
2020-05-11 09:45:18.325   MAIN   INF   Displaying main screen
2020-05-11 09:45:18.326   MAIN   INF   No workplaces, adding null workplace
2020-05-11 09:45:18.326   MAIN   INF   No workplaces, adding null workplace
2020-05-11 09:45:26.044   MAIN   INF   Stopped on platform darwin-launchd
2020-05-11 09:45:54.890   MAIN   INF   Starting Zapsi Service on darwin-launchd
2020-05-11 09:45:54.890   MAIN   INF   Server running
2020-05-11 09:45:56.409   MAIN   INF   Displaying main screen
2020-05-11 09:45:56.410   MAIN   INF   No workplaces, adding null workplace
2020-05-11 09:45:56.410   MAIN   INF   No noktypes, adding null noktype
2020-05-11 09:48:48.806   MAIN   INF   Stopped on platform darwin-launchd
2020-05-11 09:48:50.790   MAIN   INF   Starting Zapsi Service on darwin-launchd
2020-05-11 09:48:50.791   MAIN   INF   Server running
2020-05-11 09:48:51.003   MAIN   INF   Displaying main screen
2020-05-11 09:48:51.003   MAIN   INF   No workplaces, adding null workplace
2020-05-11 09:48:51.003   MAIN   INF   No noktypes, adding null noktype
2020-05-11 09:48:51.973   MAIN   INF   Displaying main screen
2020-05-11 09:48:51.974   MAIN   INF   No workplaces, adding null workplace
2020-05-11 09:48:51.974   MAIN   INF   No noktypes, adding null noktype
2020-05-11 09:48:52.850   MAIN   INF   Displaying main screen
2020-05-11 09:48:52.850   MAIN   INF   No workplaces, adding null workplace
2020-05-11 09:48:52.850   MAIN   INF   No noktypes, adding null noktype
2020-05-11 09:49:01.072   MAIN   INF   Displaying main screen
2020-05-11 09:49:01.073   MAIN   INF   No workplaces, adding null workplace
2020-05-11 09:49:01.073   MAIN   INF   No noktypes, adding null noktype
2020-05-11 09:49:06.841   MAIN   INF   Displaying main screen
2020-05-11 09:49:06.841   MAIN   INF   No workplaces, adding null workplace
2020-05-11 09:49:06.841   MAIN   INF   No noktypes, adding null noktype
2020-05-11 09:49:14.814   MAIN   INF   Displaying main screen
2020-05-11 09:49:14.814   MAIN   INF   No workplaces, adding null workplace
2020-05-11 09:49:14.814   MAIN   INF   No noktypes, adding null noktype
2020-05-11 09:50:06.494   MAIN   INF   Displaying main screen
2020-05-11 09:50:06.495   MAIN   INF   No workplaces, adding null workplace
2020-05-11 09:50:06.495   MAIN   INF   No noktypes, adding null noktype
2020-05-11 09:50:31.616   MAIN   INF   Displaying main screen
2020-05-11 09:50:31.616   MAIN   INF   No workplaces, adding null workplace
2020-05-11 09:50:31.616   MAIN   INF   No noktypes, adding null noktype
2020-05-11 09:50:32.323   MAIN   INF   Displaying main screen
2020-05-11 09:50:32.323   MAIN   INF   No workplaces, adding null workplace
2020-05-11 09:50:32.323   MAIN   INF   No noktypes, adding null noktype
2020-05-11 09:50:38.989   MAIN   INF   Displaying main screen
2020-05-11 09:50:38.989   MAIN   INF   No workplaces, adding null workplace
2020-05-11 09:50:38.989   MAIN   INF   No noktypes, adding null noktype
2020-05-11 09:50:45.467   MAIN   INF   Displaying main screen
2020-05-11 09:50:45.468   MAIN   INF   No workplaces, adding null workplace
2020-05-11 09:50:45.468   MAIN   INF   No noktypes, adding null noktype
2020-05-11 09:50:54.464   MAIN   INF   Displaying main screen
2020-05-11 09:50:54.464   MAIN   INF   No workplaces, adding null workplace
2020-05-11 09:50:54.464   MAIN   INF   No noktypes, adding null noktype
2020-05-11 09:51:04.472   MAIN   INF   Displaying main screen
2020-05-11 09:51:04.472   MAIN   INF   No workplaces, adding null workplace
2020-05-11 09:51:04.472   MAIN   INF   No noktypes, adding null noktype
2020-05-11 09:51:23.713   MAIN   INF   Displaying main screen
2020-05-11 09:51:23.713   MAIN   INF   No workplaces, adding null workplace
2020-05-11 09:51:23.713   MAIN   INF   No noktypes, adding null noktype
2020-05-11 09:51:28.769   MAIN   INF   Displaying main screen
2020-05-11 09:51:28.769   MAIN   INF   No workplaces, adding null workplace
2020-05-11 09:51:28.769   MAIN   INF   No noktypes, adding null noktype
2020-05-11 11:20:30.662   MAIN   INF   Stopped on platform darwin-launchd
2020-05-11 11:20:33.302   MAIN   INF   Starting Zapsi Service on darwin-launchd
2020-05-11 11:20:33.302   MAIN   INF   Server running
2020-05-11 11:20:37.565   MAIN   INF   Displaying main screen
2020-05-11 11:20:37.565   MAIN   INF   No workplaces, adding null workplace
2020-05-11 11:20:37.565   MAIN   INF   No noktypes, adding null noktype
2020-05-11 11:21:38.120   MAIN   INF   Displaying main screen
2020-05-11 11:21:38.121   MAIN   INF   No workplaces, adding null workplace
2020-05-11 11:21:38.121   MAIN   INF   No noktypes, adding null noktype
2020-05-11 11:21:44.559   MAIN   INF   Displaying main screen
2020-05-11 11:21:44.559   MAIN   INF   No workplaces, adding null workplace
2020-05-11 11:21:44.559   MAIN   INF   No noktypes, adding null noktype
2020-05-11 11:21:56.865   MAIN   INF   Displaying main screen
2020-05-11 11:21:56.865   MAIN   INF   No workplaces, adding null workplace
2020-05-11 11:21:56.865   MAIN   INF   No noktypes, adding null noktype
2020-05-11 11:22:08.167   MAIN   INF   Displaying main screen
2020-05-11 11:22:08.167   MAIN   INF   No workplaces, adding null workplace
2020-05-11 11:22:08.167   MAIN   INF   No noktypes, adding null noktype
2020-05-11 11:22:21.751   MAIN   INF   Displaying main screen
2020-05-11 11:22:21.751   MAIN   INF   No workplaces, adding null workplace
2020-05-11 11:22:21.751   MAIN   INF   No noktypes, adding null noktype
2020-05-11 11:22:43.763   MAIN   INF   Displaying main screen
2020-05-11 11:22:43.764   MAIN   INF   No workplaces, adding null workplace
2020-05-11 11:22:43.764   MAIN   INF   No noktypes, adding null noktype
2020-05-11 11:22:52.980   MAIN   INF   Displaying main screen
2020-05-11 11:22:52.980   MAIN   INF   No workplaces, adding null workplace
2020-05-11 11:22:52.980   MAIN   INF   No noktypes, adding null noktype
2020-05-11 11:23:10.466   MAIN   INF   Displaying main screen
2020-05-11 11:23:10.466   MAIN   INF   No workplaces, adding null workplace
2020-05-11 11:23:10.466   MAIN   INF   No noktypes, adding null noktype
2020-05-11 11:23:20.464   MAIN   INF   Displaying main screen
2020-05-11 11:23:20.464   MAIN   INF   No workplaces, adding null workplace
2020-05-11 11:23:20.464   MAIN   INF   No noktypes, adding null noktype
2020-05-11 11:23:24.957   MAIN   INF   Displaying main screen
2020-05-11 11:23:24.957   MAIN   INF   No workplaces, adding null workplace
2020-05-11 11:23:24.957   MAIN   INF   No noktypes, adding null noktype
2020-05-11 11:23:47.840   MAIN   INF   Displaying main screen
2020-05-11 11:23:47.841   MAIN   INF   No workplaces, adding null workplace
2020-05-11 11:23:47.841   MAIN   INF   No noktypes, adding null noktype
2020-05-11 11:23:54.000   MAIN   INF   Displaying main screen
2020-05-11 11:23:54.000   MAIN   INF   No workplaces, adding null workplace
2020-05-11 11:23:54.000   MAIN   INF   No noktypes, adding null noktype
2020-05-11 11:24:30.214   MAIN   INF   Displaying main screen
2020-05-11 11:24:30.215   MAIN   INF   No workplaces, adding null workplace
2020-05-11 11:24:30.215   MAIN   INF   No noktypes, adding null noktype
2020-05-11 11:25:05.492   MAIN   INF   Displaying main screen
2020-05-11 11:25:05.493   MAIN   INF   No workplaces, adding null workplace
2020-05-11 11:25:05.493   MAIN   INF   No noktypes, adding null noktype
2020-05-11 11:26:55.792   MAIN   INF   Stopped on platform darwin-launchd
2020-05-11 11:26:58.078   MAIN   INF   Starting Zapsi Service on darwin-launchd
2020-05-11 11:26:58.079   MAIN   INF   Server running
2020-05-11 11:26:58.702   MAIN   INF   Displaying main screen
2020-05-11 11:26:58.704   MAIN   INF   No workplaces, adding null workplace
2020-05-11 11:26:58.704   MAIN   INF   No noktypes, adding null noktype
2020-05-11 11:27:04.524   MAIN   INF   Checking data input
2020-05-11 11:27:04.525   MAIN   INF   on
2020-05-11 11:27:04.525   MAIN   INF   [user:] [order:] [operation:] [workplace:]
2020-05-11 11:27:04.525   MAIN   INF   Checking user
2020-05-11 11:27:04.533   MAIN   ERR   Error opening db: Unable to open tcp connection with host 'localhost:1433': dial tcp [::1]:1433: connect: connection refused
2020-05-11 11:27:04.533   MAIN   INF   No workplaces, adding null workplace
2020-05-11 11:27:04.534   MAIN   INF   No workplaces, adding null workplace
2020-05-11 11:27:13.253   MAIN   INF   Checking data input
2020-05-11 11:27:13.253   MAIN   INF   on
2020-05-11 11:27:13.253   MAIN   INF   [user:] [order:] [operation:] [workplace:]
2020-05-11 11:27:13.253   MAIN   INF   Checking user
2020-05-11 11:27:13.254   MAIN   ERR   Error opening db: Unable to open tcp connection with host 'localhost:1433': dial tcp [::1]:1433: connect: connection refused
2020-05-11 11:27:13.254   MAIN   INF   No workplaces, adding null workplace
2020-05-11 11:27:13.254   MAIN   INF   No workplaces, adding null workplace
2020-05-11 11:27:17.747   MAIN   INF   Checking data input
2020-05-11 11:27:17.749   MAIN   INF   Checking data input
2020-05-11 11:27:17.751   MAIN   INF   Checking data input
2020-05-11 11:27:17.753   MAIN   INF   Checking data input
2020-05-11 11:27:21.018   MAIN   INF   Checking data input
2020-05-11 11:27:21.019   MAIN   INF   on
2020-05-11 11:27:21.019   MAIN   INF   [user:] [order:] [operation:] [workplace:]
2020-05-11 11:27:21.019   MAIN   INF   Checking user
2020-05-11 11:27:21.020   MAIN   ERR   Error opening db: Unable to open tcp connection with host 'localhost:1433': dial tcp [::1]:1433: connect: connection refused
2020-05-11 11:27:21.020   MAIN   INF   No workplaces, adding null workplace
2020-05-11 11:27:21.020   MAIN   INF   No workplaces, adding null workplace
2020-05-11 11:27:58.280   MAIN   INF   Stopped on platform darwin-launchd
2020-05-11 11:28:00.264   MAIN   INF   Starting Zapsi Service on darwin-launchd
2020-05-11 11:28:00.264   MAIN   INF   Server running
2020-05-11 11:28:00.844   MAIN   INF   Checking data input
2020-05-11 11:28:00.846   MAIN   INF   1
2020-05-11 11:28:00.846   MAIN   INF   [user:] [order:] [operation:] [workplace:]
2020-05-11 11:28:00.846   MAIN   INF   Checking user
2020-05-11 11:28:00.848   MAIN   ERR   Error opening db: Unable to open tcp connection with host 'localhost:1433': dial tcp [::1]:1433: connect: connection refused
2020-05-11 11:28:00.849   MAIN   INF   No workplaces, adding null workplace
2020-05-11 11:28:00.849   MAIN   INF   No workplaces, adding null workplace
2020-05-11 11:28:03.185   MAIN   INF   Checking data input
2020-05-11 11:28:03.186   MAIN   INF   1
2020-05-11 11:28:03.186   MAIN   INF   [user:] [order:] [operation:] [workplace:]
2020-05-11 11:28:03.186   MAIN   INF   Checking user
2020-05-11 11:28:03.187   MAIN   ERR   Error opening db: Unable to open tcp connection with host 'localhost:1433': dial tcp [::1]:1433: connect: connection refused
2020-05-11 11:28:03.187   MAIN   INF   No workplaces, adding null workplace
2020-05-11 11:28:03.187   MAIN   INF   No workplaces, adding null workplace
2020-05-11 11:28:08.978   MAIN   INF   Checking data input
2020-05-11 11:28:08.978   MAIN   INF   1
2020-05-11 11:28:08.978   MAIN   INF   [user:] [order:] [operation:] [workplace:]
2020-05-11 11:28:08.979   MAIN   INF   Checking user
2020-05-11 11:28:08.979   MAIN   ERR   Error opening db: Unable to open tcp connection with host 'localhost:1433': dial tcp [::1]:1433: connect: connection refused
2020-05-11 11:28:08.980   MAIN   INF   No workplaces, adding null workplace
2020-05-11 11:28:08.980   MAIN   INF   No workplaces, adding null workplace
2020-05-11 11:28:14.945   MAIN   INF   Checking data input
2020-05-11 11:28:14.946   MAIN   INF   1
2020-05-11 11:28:14.946   MAIN   INF   [user:] [order:] [operation:] [workplace:]
2020-05-11 11:28:14.946   MAIN   INF   Checking user
2020-05-11 11:28:14.947   MAIN   ERR   Error opening db: Unable to open tcp connection with host 'localhost:1433': dial tcp [::1]:1433: connect: connection refused
2020-05-11 11:28:14.947   MAIN   INF   No workplaces, adding null workplace
2020-05-11 11:28:14.947   MAIN   INF   No workplaces, adding null workplace
2020-05-11 11:28:45.146   MAIN   INF   Checking data input
2020-05-11 11:28:45.147   MAIN   INF   1
2020-05-11 11:28:45.147   MAIN   INF   [user:] [order:] [operation:] [workplace:]
2020-05-11 11:28:45.147   MAIN   INF   Checking user
2020-05-11 11:28:45.148   MAIN   ERR   Error opening db: Unable to open tcp connection with host 'localhost:1433': dial tcp [::1]:1433: connect: connection refused
2020-05-11 11:28:45.148   MAIN   INF   No workplaces, adding null workplace
2020-05-11 11:28:45.148   MAIN   INF   No workplaces, adding null workplace
2020-05-11 11:28:48.616   MAIN   INF   Checking data input
2020-05-11 11:28:48.616   MAIN   INF   0
2020-05-11 11:28:48.616   MAIN   INF   [user:] [order:] [operation:] [workplace:]
2020-05-11 11:28:48.617   MAIN   INF   Checking user
2020-05-11 11:28:48.617   MAIN   ERR   Error opening db: Unable to open tcp connection with host 'localhost:1433': dial tcp [::1]:1433: connect: connection refused
2020-05-11 11:28:48.618   MAIN   INF   No workplaces, adding null workplace
2020-05-11 11:28:48.618   MAIN   INF   No workplaces, adding null workplace
2020-05-11 11:29:51.077   MAIN   INF   Stopped on platform darwin-launchd
2020-05-11 11:29:54.725   MAIN   INF   Starting Zapsi Service on darwin-launchd
2020-05-11 11:29:54.726   MAIN   INF   Server running
2020-05-11 11:29:57.312   MAIN   INF   Checking data input
2020-05-11 11:29:57.313   MAIN   INF   [user:] [order:] [operation:] [workplace:]
2020-05-11 11:29:57.313   MAIN   INF   Checking user
2020-05-11 11:29:57.316   MAIN   ERR   Error opening db: Unable to open tcp connection with host 'localhost:1433': dial tcp [::1]:1433: connect: connection refused
2020-05-11 11:29:57.317   MAIN   INF   No workplaces, adding null workplace
2020-05-11 11:29:57.317   MAIN   INF   No workplaces, adding null workplace
2020-05-11 11:29:59.842   MAIN   INF   Checking data input
2020-05-11 11:29:59.842   MAIN   INF   [user:] [order:] [operation:] [workplace:]
2020-05-11 11:29:59.842   MAIN   INF   Checking user
2020-05-11 11:29:59.844   MAIN   ERR   Error opening db: Unable to open tcp connection with host 'localhost:1433': dial tcp [::1]:1433: connect: connection refused
2020-05-11 11:29:59.844   MAIN   INF   No workplaces, adding null workplace
2020-05-11 11:29:59.844   MAIN   INF   No workplaces, adding null workplace
2020-05-11 11:30:10.842   MAIN   INF   Stopped on platform darwin-launchd
2020-05-11 11:30:14.263   MAIN   INF   Starting Zapsi Service on darwin-launchd
2020-05-11 11:30:14.264   MAIN   INF   Server running
2020-05-11 11:30:25.773   MAIN   INF   Starting Zapsi Service on darwin-launchd
2020-05-11 11:30:25.774   MAIN   INF   Server running
2020-05-11 11:30:30.949   MAIN   INF   Checking data input
2020-05-11 11:30:30.950   MAIN   INF   [user:] [order:] [operation:] [workplace:]
2020-05-11 11:30:30.950   MAIN   INF   Checking user
2020-05-11 11:30:30.952   MAIN   ERR   Error opening db: Unable to open tcp connection with host 'localhost:1433': dial tcp 127.0.0.1:1433: connect: connection refused
2020-05-11 11:30:30.953   MAIN   INF   No workplaces, adding null workplace
2020-05-11 11:30:30.953   MAIN   INF   No workplaces, adding null workplace
2020-05-11 11:32:32.196   MAIN   INF   Checking data input
2020-05-11 11:32:32.197   MAIN   INF   [user:] [order:] [operation:] [workplace:]
2020-05-11 11:32:32.197   MAIN   INF   Checking user
2020-05-11 11:32:32.198   MAIN   ERR   Error opening db: Unable to open tcp connection with host 'localhost:1433': dial tcp [::1]:1433: connect: connection refused
2020-05-11 11:32:32.198   MAIN   INF   No workplaces, adding null workplace
2020-05-11 11:32:32.198   MAIN   INF   No workplaces, adding null workplace
2020-05-11 11:32:34.018   MAIN   INF   Checking data input
2020-05-11 11:32:34.018   MAIN   INF   [user:] [order:] [operation:] [workplace:]
2020-05-11 11:32:34.018   MAIN   INF   Checking user
2020-05-11 11:32:34.019   MAIN   ERR   Error opening db: Unable to open tcp connection with host 'localhost:1433': dial tcp [::1]:1433: connect: connection refused
2020-05-11 11:32:34.019   MAIN   INF   No workplaces, adding null workplace
2020-05-11 11:32:34.019   MAIN   INF   No workplaces, adding null workplace
2020-05-11 11:33:46.842   MAIN   INF   Stopped on platform darwin-launchd
2020-05-11 11:33:51.962   MAIN   INF   Starting Zapsi Service on darwin-launchd
2020-05-11 11:33:51.962   MAIN   INF   Server running
2020-05-11 11:33:52.154   MAIN   INF   Displaying main screen
2020-05-11 11:33:52.154   MAIN   INF   No workplaces, adding null workplace
2020-05-11 11:33:52.154   MAIN   INF   No noktypes, adding null noktype
2020-05-11 11:34:36.198   MAIN   INF   Displaying main screen
2020-05-11 11:34:36.198   MAIN   INF   No workplaces, adding null workplace
2020-05-11 11:34:36.198   MAIN   INF   No noktypes, adding null noktype
2020-05-11 11:35:32.378   MAIN   INF   Displaying main screen
2020-05-11 11:35:32.378   MAIN   INF   No workplaces, adding null workplace
2020-05-11 11:35:32.378   MAIN   INF   No noktypes, adding null noktype
2020-05-11 11:35:38.062   MAIN   INF   Displaying main screen
2020-05-11 11:35:38.062   MAIN   INF   No workplaces, adding null workplace
2020-05-11 11:35:38.062   MAIN   INF   No noktypes, adding null noktype
2020-05-11 11:36:04.857   MAIN   INF   Displaying main screen
2020-05-11 11:36:04.857   MAIN   INF   No workplaces, adding null workplace
2020-05-11 11:36:04.857   MAIN   INF   No noktypes, adding null noktype
2020-05-11 11:36:13.409   MAIN   INF   Displaying main screen
2020-05-11 11:36:13.409   MAIN   INF   No workplaces, adding null workplace
2020-05-11 11:36:13.409   MAIN   INF   No noktypes, adding null noktype
2020-05-11 11:36:28.996   MAIN   INF   Displaying main screen
2020-05-11 11:36:28.996   MAIN   INF   No workplaces, adding null workplace
2020-05-11 11:36:28.996   MAIN   INF   No noktypes, adding null noktype
2020-05-11 11:36:39.070   MAIN   INF   Displaying main screen
2020-05-11 11:36:39.071   MAIN   INF   No workplaces, adding null workplace
2020-05-11 11:36:39.071   MAIN   INF   No noktypes, adding null noktype
2020-05-11 11:37:13.575   MAIN   INF   Displaying main screen
2020-05-11 11:37:13.576   MAIN   INF   No workplaces, adding null workplace
2020-05-11 11:37:13.576   MAIN   INF   No noktypes, adding null noktype
2020-05-11 11:37:31.554   MAIN   INF   Displaying main screen
2020-05-11 11:37:31.555   MAIN   INF   No workplaces, adding null workplace
2020-05-11 11:37:31.555   MAIN   INF   No noktypes, adding null noktype
2020-05-11 11:37:42.185   MAIN   INF   Displaying main screen
2020-05-11 11:37:42.185   MAIN   INF   No workplaces, adding null workplace
2020-05-11 11:37:42.185   MAIN   INF   No noktypes, adding null noktype
2020-05-11 11:38:10.592   MAIN   INF   Displaying main screen
2020-05-11 11:38:10.593   MAIN   INF   No workplaces, adding null workplace
2020-05-11 11:38:10.593   MAIN   INF   No noktypes, adding null noktype
2020-05-11 11:38:29.089   MAIN   INF   Displaying main screen
2020-05-11 11:38:29.089   MAIN   INF   No workplaces, adding null workplace
2020-05-11 11:38:29.089   MAIN   INF   No noktypes, adding null noktype
2020-05-11 11:38:57.552   MAIN   INF   Displaying main screen
2020-05-11 11:38:57.553   MAIN   INF   No workplaces, adding null workplace
2020-05-11 11:38:57.553   MAIN   INF   No noktypes, adding null noktype
2020-05-11 11:39:08.855   MAIN   INF   Displaying main screen
2020-05-11 11:39:08.855   MAIN   INF   No workplaces, adding null workplace
2020-05-11 11:39:08.855   MAIN   INF   No noktypes, adding null noktype
2020-05-11 11:39:15.659   MAIN   INF   Displaying main screen
2020-05-11 11:39:15.659   MAIN   INF   No workplaces, adding null workplace
2020-05-11 11:39:15.659   MAIN   INF   No noktypes, adding null noktype
2020-05-11 11:39:19.793   MAIN   INF   Displaying main screen
2020-05-11 11:39:19.793   MAIN   INF   No workplaces, adding null workplace
2020-05-11 11:39:19.793   MAIN   INF   No noktypes, adding null noktype
2020-05-11 11:39:27.033   MAIN   INF   Displaying main screen
2020-05-11 11:39:27.033   MAIN   INF   No workplaces, adding null workplace
2020-05-11 11:39:27.033   MAIN   INF   No noktypes, adding null noktype
2020-05-11 11:39:30.005   MAIN   INF   Displaying main screen
2020-05-11 11:39:30.005   MAIN   INF   No workplaces, adding null workplace
2020-05-11 11:39:30.005   MAIN   INF   No noktypes, adding null noktype
2020-05-11 11:39:33.613   MAIN   INF   Displaying main screen
2020-05-11 11:39:33.613   MAIN   INF   No workplaces, adding null workplace
2020-05-11 11:39:33.613   MAIN   INF   No noktypes, adding null noktype
2020-05-11 11:39:38.460   MAIN   INF   Displaying main screen
2020-05-11 11:39:38.460   MAIN   INF   No workplaces, adding null workplace
2020-05-11 11:39:38.460   MAIN   INF   No noktypes, adding null noktype
2020-05-11 11:39:45.352   MAIN   INF   Displaying main screen
2020-05-11 11:39:45.353   MAIN   INF   No workplaces, adding null workplace
2020-05-11 11:39:45.353   MAIN   INF   No noktypes, adding null noktype
2020-05-11 11:39:49.541   MAIN   INF   Displaying main screen
2020-05-11 11:39:49.541   MAIN   INF   No workplaces, adding null workplace
2020-05-11 11:39:49.541   MAIN   INF   No noktypes, adding null noktype
2020-05-11 11:39:54.793   MAIN   INF   Displaying main screen
2020-05-11 11:39:54.793   MAIN   INF   No workplaces, adding null workplace
2020-05-11 11:39:54.793   MAIN   INF   No noktypes, adding null noktype
2020-05-11 11:40:10.691   MAIN   INF   Displaying main screen
2020-05-11 11:40:10.692   MAIN   INF   No workplaces, adding null workplace
2020-05-11 11:40:10.692   MAIN   INF   No noktypes, adding null noktype
2020-05-11 11:40:17.280   MAIN   INF   Displaying main screen
2020-05-11 11:40:17.280   MAIN   INF   No workplaces, adding null workplace
2020-05-11 11:40:17.280   MAIN   INF   No noktypes, adding null noktype
2020-05-11 11:40:28.669   MAIN   INF   Displaying main screen
2020-05-11 11:40:28.669   MAIN   INF   No workplaces, adding null workplace
2020-05-11 11:40:28.669   MAIN   INF   No noktypes, adding null noktype
2020-05-11 11:40:33.090   MAIN   INF   Displaying main screen
2020-05-11 11:40:33.091   MAIN   INF   No workplaces, adding null workplace
2020-05-11 11:40:33.091   MAIN   INF   No noktypes, adding null noktype
2020-05-11 11:40:39.641   MAIN   INF   Displaying main screen
2020-05-11 11:40:39.642   MAIN   INF   No workplaces, adding null workplace
2020-05-11 11:40:39.642   MAIN   INF   No noktypes, adding null noktype
2020-05-11 11:40:48.606   MAIN   INF   Displaying main screen
2020-05-11 11:40:48.606   MAIN   INF   No workplaces, adding null workplace
2020-05-11 11:40:48.606   MAIN   INF   No noktypes, adding null noktype
2020-05-11 11:41:00.708   MAIN   INF   Displaying main screen
2020-05-11 11:41:00.709   MAIN   INF   No workplaces, adding null workplace
2020-05-11 11:41:00.709   MAIN   INF   No noktypes, adding null noktype
2020-05-11 11:41:06.042   MAIN   INF   Displaying main screen
2020-05-11 11:41:06.042   MAIN   INF   No workplaces, adding null workplace
2020-05-11 11:41:06.042   MAIN   INF   No noktypes, adding null noktype
2020-05-11 11:41:07.296   MAIN   INF   Displaying main screen
2020-05-11 11:41:07.297   MAIN   INF   No workplaces, adding null workplace
2020-05-11 11:41:07.297   MAIN   INF   No noktypes, adding null noktype
2020-05-11 11:41:10.338   MAIN   INF   Displaying main screen
2020-05-11 11:41:10.339   MAIN   INF   No workplaces, adding null workplace
2020-05-11 11:41:10.339   MAIN   INF   No noktypes, adding null noktype
2020-05-11 11:41:15.768   MAIN   INF   Displaying main screen
2020-05-11 11:41:15.768   MAIN   INF   No workplaces, adding null workplace
2020-05-11 11:41:15.768   MAIN   INF   No noktypes, adding null noktype
2020-05-11 11:41:16.976   MAIN   INF   Displaying main screen
2020-05-11 11:41:16.977   MAIN   INF   No workplaces, adding null workplace
2020-05-11 11:41:16.977   MAIN   INF   No noktypes, adding null noktype
2020-05-11 11:41:19.474   MAIN   INF   Displaying main screen
2020-05-11 11:41:19.475   MAIN   INF   No workplaces, adding null workplace
2020-05-11 11:41:19.475   MAIN   INF   No noktypes, adding null noktype
2020-05-11 11:41:34.143   MAIN   INF   Displaying main screen
2020-05-11 11:41:34.144   MAIN   INF   No workplaces, adding null workplace
2020-05-11 11:41:34.144   MAIN   INF   No noktypes, adding null noktype
2020-05-11 11:41:43.338   MAIN   INF   Displaying main screen
2020-05-11 11:41:43.338   MAIN   INF   No workplaces, adding null workplace
2020-05-11 11:41:43.338   MAIN   INF   No noktypes, adding null noktype
2020-05-11 11:41:47.175   MAIN   INF   Displaying main screen
2020-05-11 11:41:47.175   MAIN   INF   No workplaces, adding null workplace
2020-05-11 11:41:47.175   MAIN   INF   No noktypes, adding null noktype
2020-05-11 11:42:17.117   MAIN   INF   Displaying main screen
2020-05-11 11:42:17.118   MAIN   INF   No workplaces, adding null workplace
2020-05-11 11:42:17.118   MAIN   INF   No noktypes, adding null noktype
2020-05-11 11:42:23.212   MAIN   INF   Displaying main screen
2020-05-11 11:42:23.213   MAIN   INF   No workplaces, adding null workplace
2020-05-11 11:42:23.213   MAIN   INF   No noktypes, adding null noktype
2020-05-11 11:43:49.653   MAIN   INF   Stopped on platform darwin-launchd
