2020-06-23 10:23:57.093   MAIN   INF   Starting Rostra Special Web Service on darwin-launchd
2020-06-23 10:23:57.094   MAIN   INF   Server running
2020-06-23 10:23:58.046   MAIN   INF   Stopped on platform darwin-launchd
2020-06-23 10:38:16.299   MAIN   INF   Starting Rostra Special Web Service on darwin-launchd
2020-06-23 10:38:16.300   MAIN   INF   Server running
2020-06-23 10:38:19.499   MAIN   INF   Displaying main screen
2020-06-23 10:50:45.726   MAIN   INF   Stopped on platform darwin-launchd
2020-06-23 10:50:47.618   MAIN   INF   Starting Rostra Special Web Service on darwin-launchd
2020-06-23 10:50:47.619   MAIN   INF   Server running
2020-06-23 10:50:50.837   MAIN   INF   Displaying main screen
2020-06-23 11:19:49.187   MAIN   INF   Stopped on platform darwin-launchd
2020-06-23 11:19:51.168   MAIN   INF   Starting Rostra Special Web Service on darwin-launchd
2020-06-23 11:19:51.168   MAIN   INF   Server running
2020-06-23 11:19:55.026   MAIN   INF   Displaying main screen
2020-06-23 11:19:58.203   MAIN   INF   Checking data input
2020-06-23 11:19:58.203   MAIN   INF   [USER:123] [ORDER:] [OPERATION:] [WORKPLACE:]
2020-06-23 11:19:58.204   MAIN   INF   [OK:NOK:TYPE]  [::]
2020-06-23 11:19:58.204   MAIN   INF   [RADIO:0]
2020-06-23 11:19:58.204   MAIN   INF   [START:TRANSFER:END] [0:0:0]
2020-06-23 11:19:58.204   MAIN   INF   Check user step
2020-06-23 11:19:58.204   MAIN   INF   Checking user
2020-06-23 11:19:58.332   MAIN   ERR   Error opening db: Unable to open tcp connection with host '192.168.1.26:1433': dial tcp 192.168.1.26:1433: connect: no route to host
2020-06-23 11:19:58.332   MAIN   INF   Sending error page for user check
2020-06-23 11:20:14.381   MAIN   INF   Stopped on platform darwin-launchd
