2020-05-05 10:09:13.168   MAIN   INF   Starting Zapsi Service on darwin-launchd
2020-05-05 10:09:13.169   MAIN   INF   Server running
2020-05-05 10:09:18.578   MAIN   INF   Displaying main screen
2020-05-05 10:09:18.579   MAIN   INF   No workplaces, adding null workplace
2020-05-05 10:09:46.037   MAIN   INF   Displaying main screen
2020-05-05 10:09:46.037   MAIN   INF   No workplaces, adding null workplace
2020-05-05 10:10:13.666   MAIN   INF   Displaying main screen
2020-05-05 10:10:13.666   MAIN   INF   No workplaces, adding null workplace
2020-05-05 10:10:30.319   MAIN   INF   Displaying main screen
2020-05-05 10:10:30.319   MAIN   INF   No workplaces, adding null workplace
2020-05-05 10:11:14.127   MAIN   INF   Displaying main screen
2020-05-05 10:11:14.128   MAIN   INF   No workplaces, adding null workplace
2020-05-05 10:11:32.660   MAIN   INF   Displaying main screen
2020-05-05 10:11:32.660   MAIN   INF   No workplaces, adding null workplace
2020-05-05 10:12:32.327   MAIN   INF   Displaying main screen
2020-05-05 10:12:32.328   MAIN   INF   No workplaces, adding null workplace
2020-05-05 10:12:41.907   MAIN   INF   Displaying main screen
2020-05-05 10:12:41.908   MAIN   INF   No workplaces, adding null workplace
2020-05-05 10:12:49.902   MAIN   INF   Displaying main screen
2020-05-05 10:12:49.902   MAIN   INF   No workplaces, adding null workplace
2020-05-05 10:12:54.464   MAIN   INF   Displaying main screen
2020-05-05 10:12:54.465   MAIN   INF   No workplaces, adding null workplace
2020-05-05 10:13:36.913   MAIN   INF   Displaying main screen
2020-05-05 10:13:36.913   MAIN   INF   No workplaces, adding null workplace
2020-05-05 10:13:42.924   MAIN   INF   Displaying main screen
2020-05-05 10:13:42.924   MAIN   INF   No workplaces, adding null workplace
2020-05-05 10:14:12.646   MAIN   INF   Displaying main screen
2020-05-05 10:14:12.646   MAIN   INF   No workplaces, adding null workplace
2020-05-05 10:14:17.980   MAIN   INF   Displaying main screen
2020-05-05 10:14:17.981   MAIN   INF   No workplaces, adding null workplace
2020-05-05 10:14:27.593   MAIN   INF   Displaying main screen
2020-05-05 10:14:27.593   MAIN   INF   No workplaces, adding null workplace
2020-05-05 10:15:00.192   MAIN   INF   Displaying main screen
2020-05-05 10:15:00.193   MAIN   INF   No workplaces, adding null workplace
2020-05-05 10:15:13.462   MAIN   INF   Displaying main screen
2020-05-05 10:15:13.463   MAIN   INF   No workplaces, adding null workplace
2020-05-05 10:15:25.844   MAIN   INF   Displaying main screen
2020-05-05 10:15:25.844   MAIN   INF   No workplaces, adding null workplace
2020-05-05 10:16:55.679   MAIN   INF   Displaying main screen
2020-05-05 10:16:55.679   MAIN   INF   No workplaces, adding null workplace
2020-05-05 10:16:56.790   MAIN   INF   Displaying main screen
2020-05-05 10:16:56.790   MAIN   INF   No workplaces, adding null workplace
2020-05-05 10:17:00.108   MAIN   INF   Displaying main screen
2020-05-05 10:17:00.109   MAIN   INF   No workplaces, adding null workplace
2020-05-05 10:17:34.665   MAIN   INF   Displaying main screen
2020-05-05 10:17:34.666   MAIN   INF   No workplaces, adding null workplace
2020-05-05 10:19:12.100   MAIN   INF   Displaying main screen
2020-05-05 10:19:12.100   MAIN   INF   No workplaces, adding null workplace
2020-05-05 10:22:13.465   MAIN   INF   Stopped on platform darwin-launchd
